<?xml version="1.0" encoding="UTF-8"?>
<testsuite xmlns:xsi="http://www.w3.org/2001/XMLSchema-instance" xsi:noNamespaceSchemaLocation="https://maven.apache.org/surefire/maven-surefire-plugin/xsd/surefire-test-report.xsd" version="3.0.2" name="com.insteip.backend.SystemIntegrationTest" time="9.505" tests="1" errors="0" skipped="0" failures="0">
  <properties>
[...]
</properties>
  <testcase name="runSuperMassiveIntegrationTest" classname="com.insteip.backend.SystemIntegrationTest" time="3.033">
    <system-out><![CDATA[2026-07-07T03:53:57.611-05:00  INFO 17240 --- [backend] [           main] t.c.s.AnnotationConfigContextLoaderUtils : Could not detect default configuration classes for test class [com.insteip.backend.SystemIntegrationTest]: SystemIntegrationTest does not declare any static, non-private, non-final, nested classes annotated with @Configuration.
2026-07-07T03:53:57.624-05:00  INFO 17240 --- [backend] [           main] .b.t.c.SpringBootTestContextBootstrapper : Found @SpringBootConfiguration com.insteip.backend.BackendApplication for test class com.insteip.backend.SystemIntegrationTest

  .   ____          _            __ _ _
 /\\ / ___'_ __ _ _(_)_ __  __ _ \ \ \ \
( ( )\___ | '_ | '_| | '_ \/ _` | \ \ \ \
 \\/  ___)| |_)| | | | | || (_| |  ) ) ) )
  '  |____| .__|_| |_|_| |_\__, | / / / /
 =========|_|==============|___/=/_/_/_/

 :: Spring Boot ::                (v3.4.0)

2026-07-07T03:53:57.654-05:00  INFO 17240 --- [backend] [           main] c.insteip.backend.SystemIntegrationTest  : Starting SystemIntegrationTest using Java 25.0.3 with PID 17240 (started by Alessander in C:\Users\Alessander\Desktop\TRABAJOS\ACTUALES\Insteip\backend)
2026-07-07T03:53:57.654-05:00  INFO 17240 --- [backend] [           main] c.insteip.backend.SystemIntegrationTest  : No active profile set, falling back to 1 default profile: "default"
2026-07-07T03:53:58.323-05:00  INFO 17240 --- [backend] [           main] .s.d.r.c.RepositoryConfigurationDelegate : Bootstrapping Spring Data JPA repositories in DEFAULT mode.
2026-07-07T03:53:58.411-05:00  INFO 17240 --- [backend] [           main] .s.d.r.c.RepositoryConfigurationDelegate : Finished Spring Data repository scanning in 78 ms. Found 17 JPA repository interfaces.
2026-07-07T03:53:58.934-05:00  INFO 17240 --- [backend] [           main] o.hibernate.jpa.internal.util.LogHelper  : HHH000204: Processing PersistenceUnitInfo [name: default]
2026-07-07T03:53:59.033-05:00  INFO 17240 --- [backend] [           main] org.hibernate.Version                    : HHH000412: Hibernate ORM core version 6.6.2.Final
2026-07-07T03:53:59.081-05:00  INFO 17240 --- [backend] [           main] o.h.c.internal.RegionFactoryInitiator    : HHH000026: Second-level cache disabled
2026-07-07T03:53:59.234-05:00  INFO 17240 --- [backend] [           main] o.s.o.j.p.SpringPersistenceUnitInfo      : No LoadTimeWeaver setup: ignoring JPA class transformer
2026-07-07T03:53:59.269-05:00  INFO 17240 --- [backend] [           main] com.zaxxer.hikari.HikariDataSource       : HikariPool-1 - Starting...
2026-07-07T03:53:59.378-05:00  INFO 17240 --- [backend] [           main] com.zaxxer.hikari.pool.HikariPool        : HikariPool-1 - Added connection org.postgresql.jdbc.PgConnection@48dbf9d
2026-07-07T03:53:59.379-05:00  INFO 17240 --- [backend] [           main] com.zaxxer.hikari.HikariDataSource       : HikariPool-1 - Start completed.
2026-07-07T03:53:59.415-05:00  WARN 17240 --- [backend] [           main] org.hibernate.orm.deprecation            : HHH90000025: PostgreSQLDialect does not need to be specified explicitly using 'hibernate.dialect' (remove the property setting and it will be selected by default)
2026-07-07T03:53:59.431-05:00  INFO 17240 --- [backend] [           main] org.hibernate.orm.connections.pooling    : HHH10001005: Database info:
	Database JDBC URL [Connecting through datasource 'HikariDataSource (HikariPool-1)']
	Database driver: undefined/unknown
	Database version: 18.4
	Autocommit mode: undefined/unknown
	Isolation level: undefined/unknown
	Minimum pool size: undefined/unknown
	Maximum pool size: undefined/unknown
2026-07-07T03:54:00.406-05:00  INFO 17240 --- [backend] [           main] o.h.e.t.j.p.i.JtaPlatformInitiator       : HHH000489: No JTA platform available (set 'hibernate.transaction.jta.platform' to enable JTA platform integration)
2026-07-07T03:54:00.666-05:00  INFO 17240 --- [backend] [           main] j.LocalContainerEntityManagerFactoryBean : Initialized JPA EntityManagerFactory for persistence unit 'default'
2026-07-07T03:54:01.031-05:00  INFO 17240 --- [backend] [           main] o.s.d.j.r.query.QueryEnhancerFactory     : Hibernate is in classpath; If applicable, HQL parser will be used.
2026-07-07T03:54:02.383-05:00  INFO 17240 --- [backend] [           main] eAuthenticationProviderManagerConfigurer : Global AuthenticationManager configured with AuthenticationProvider bean with name authenticationProvider
2026-07-07T03:54:02.384-05:00  WARN 17240 --- [backend] [           main] r$InitializeUserDetailsManagerConfigurer : Global AuthenticationManager configured with an AuthenticationProvider bean. UserDetailsService beans will not be used by Spring Security for automatically configuring username/password login. Consider removing the AuthenticationProvider bean. Alternatively, consider using the UserDetailsService in a manually instantiated DaoAuthenticationProvider. If the current configuration is intentional, to turn off this warning, increase the logging level of 'org.springframework.security.config.annotation.authentication.configuration.InitializeUserDetailsBeanManagerConfigurer' to ERROR
2026-07-07T03:54:02.591-05:00  WARN 17240 --- [backend] [           main] JpaBaseConfiguration$JpaWebConfiguration : spring.jpa.open-in-view is enabled by default. Therefore, database queries may be performed during view rendering. Explicitly configure spring.jpa.open-in-view to disable this warning
2026-07-07T03:54:03.032-05:00  INFO 17240 --- [backend] [           main] o.s.b.a.e.web.EndpointLinksResolver      : Exposing 3 endpoints beneath base path '/actuator'
2026-07-07T03:54:03.570-05:00  INFO 17240 --- [backend] [           main] o.s.b.t.m.w.SpringBootMockServletContext : Initializing Spring TestDispatcherServlet ''
2026-07-07T03:54:03.570-05:00  INFO 17240 --- [backend] [           main] o.s.t.web.servlet.TestDispatcherServlet  : Initializing Servlet ''
2026-07-07T03:54:03.571-05:00  INFO 17240 --- [backend] [           main] o.s.t.web.servlet.TestDispatcherServlet  : Completed initialization in 1 ms
2026-07-07T03:54:03.665-05:00  INFO 17240 --- [backend] [           main] c.insteip.backend.SystemIntegrationTest  : Started SystemIntegrationTest in 6.034 seconds (process running for 12.667)
2026-07-07T03:54:03.794-05:00 DEBUG 17240 --- [backend] [           main] org.hibernate.SQL                        : 
    select
        count(*) 
    from
        roles r1_0
Hibernate: 
    select
        count(*) 
    from
        roles r1_0
2026-07-07T03:54:03.810-05:00 DEBUG 17240 --- [backend] [           main] org.hibernate.SQL                        : 
    select
        count(*) 
    from
        niveles_suscripcion ns1_0
Hibernate: 
    select
        count(*) 
    from
        niveles_suscripcion ns1_0
2026-07-07T03:54:03.812-05:00 DEBUG 17240 --- [backend] [           main] org.hibernate.SQL                        : 
    select
        count(*) 
    from
        usuarios u1_0
Hibernate: 
    select
        count(*) 
    from
        usuarios u1_0
2026-07-07T03:54:03.859-05:00 DEBUG 17240 --- [backend] [           main] org.hibernate.SQL                        : 
    select
        u1_0.id,
        u1_0.apellidos,
        u1_0.bloqueado_hasta,
        u1_0.correo,
        u1_0.estado,
        u1_0.fecha_registro,
        u1_0.intentos_fallidos,
        u1_0.nivel_suscripcion_id,
        u1_0.nombres,
        u1_0.password_hash,
        u1_0.password_reset_token,
        u1_0.password_reset_token_expira,
        u1_0.rol_id,
        u1_0.telefono 
    from
        usuarios u1_0 
    where
        u1_0.correo=?
Hibernate: 
    select
        u1_0.id,
        u1_0.apellidos,
        u1_0.bloqueado_hasta,
        u1_0.correo,
        u1_0.estado,
        u1_0.fecha_registro,
        u1_0.intentos_fallidos,
        u1_0.nivel_suscripcion_id,
        u1_0.nombres,
        u1_0.password_hash,
        u1_0.password_reset_token,
        u1_0.password_reset_token_expira,
        u1_0.rol_id,
        u1_0.telefono 
    from
        usuarios u1_0 
    where
        u1_0.correo=?
2026-07-07T03:54:03.874-05:00 DEBUG 17240 --- [backend] [           main] org.hibernate.SQL                        : 
    select
        r1_0.id,
        r1_0.estado,
        r1_0.fecha_creacion,
        r1_0.nombre 
    from
        roles r1_0 
    where
        r1_0.id=?
Hibernate: 
    select
        r1_0.id,
        r1_0.estado,
        r1_0.fecha_creacion,
        r1_0.nombre 
    from
        roles r1_0 
    where
        r1_0.id=?
2026-07-07T03:54:03.955-05:00 DEBUG 17240 --- [backend] [           main] org.hibernate.SQL                        : 
    select
        u1_0.id,
        u1_0.apellidos,
        u1_0.bloqueado_hasta,
        u1_0.correo,
        u1_0.estado,
        u1_0.fecha_registro,
        u1_0.intentos_fallidos,
        u1_0.nivel_suscripcion_id,
        u1_0.nombres,
        u1_0.password_hash,
        u1_0.password_reset_token,
        u1_0.password_reset_token_expira,
        u1_0.rol_id,
        r1_0.id,
        r1_0.estado,
        r1_0.fecha_creacion,
        r1_0.nombre,
        u1_0.telefono 
    from
        usuarios u1_0 
    join
        roles r1_0 
            on r1_0.id=u1_0.rol_id 
    where
        u1_0.id=?
Hibernate: 
    select
        u1_0.id,
        u1_0.apellidos,
        u1_0.bloqueado_hasta,
        u1_0.correo,
        u1_0.estado,
        u1_0.fecha_registro,
        u1_0.intentos_fallidos,
        u1_0.nivel_suscripcion_id,
        u1_0.nombres,
        u1_0.password_hash,
        u1_0.password_reset_token,
        u1_0.password_reset_token_expira,
        u1_0.rol_id,
        r1_0.id,
        r1_0.estado,
        r1_0.fecha_creacion,
        r1_0.nombre,
        u1_0.telefono 
    from
        usuarios u1_0 
    join
        roles r1_0 
            on r1_0.id=u1_0.rol_id 
    where
        u1_0.id=?
2026-07-07T03:54:03.976-05:00 DEBUG 17240 --- [backend] [           main] org.hibernate.SQL                        : 
    update
        usuarios 
    set
        apellidos=?,
        bloqueado_hasta=?,
        correo=?,
        estado=?,
        intentos_fallidos=?,
        nivel_suscripcion_id=?,
        nombres=?,
        password_hash=?,
        password_reset_token=?,
        password_reset_token_expira=?,
        rol_id=?,
        telefono=? 
    where
        id=?
Hibernate: 
    update
        usuarios 
    set
        apellidos=?,
        bloqueado_hasta=?,
        correo=?,
        estado=?,
        intentos_fallidos=?,
        nivel_suscripcion_id=?,
        nombres=?,
        password_hash=?,
        password_reset_token=?,
        password_reset_token_expira=?,
        rol_id=?,
        telefono=? 
    where
        id=?
2026-07-07T03:54:03.985-05:00 DEBUG 17240 --- [backend] [           main] org.hibernate.SQL                        : 
    select
        u1_0.id,
        u1_0.apellidos,
        u1_0.bloqueado_hasta,
        u1_0.correo,
        u1_0.estado,
        u1_0.fecha_registro,
        u1_0.intentos_fallidos,
        u1_0.nivel_suscripcion_id,
        u1_0.nombres,
        u1_0.password_hash,
        u1_0.password_reset_token,
        u1_0.password_reset_token_expira,
        u1_0.rol_id,
        u1_0.telefono 
    from
        usuarios u1_0 
    where
        u1_0.correo=?
Hibernate: 
    select
        u1_0.id,
        u1_0.apellidos,
        u1_0.bloqueado_hasta,
        u1_0.correo,
        u1_0.estado,
        u1_0.fecha_registro,
        u1_0.intentos_fallidos,
        u1_0.nivel_suscripcion_id,
        u1_0.nombres,
        u1_0.password_hash,
        u1_0.password_reset_token,
        u1_0.password_reset_token_expira,
        u1_0.rol_id,
        u1_0.telefono 
    from
        usuarios u1_0 
    where
        u1_0.correo=?
2026-07-07T03:54:03.989-05:00 DEBUG 17240 --- [backend] [           main] org.hibernate.SQL                        : 
    select
        r1_0.id,
        r1_0.estado,
        r1_0.fecha_creacion,
        r1_0.nombre 
    from
        roles r1_0 
    where
        r1_0.id=?
Hibernate: 
    select
        r1_0.id,
        r1_0.estado,
        r1_0.fecha_creacion,
        r1_0.nombre 
    from
        roles r1_0 
    where
        r1_0.id=?
2026-07-07T03:54:03.991-05:00 DEBUG 17240 --- [backend] [           main] org.hibernate.SQL                        : 
    select
        ns1_0.id,
        ns1_0.descripcion,
        ns1_0.estado,
        ns1_0.fecha_creacion,
        ns1_0.nombre 
    from
        niveles_suscripcion ns1_0
Hibernate: 
    select
        ns1_0.id,
        ns1_0.descripcion,
        ns1_0.estado,
        ns1_0.fecha_creacion,
        ns1_0.nombre 
    from
        niveles_suscripcion ns1_0
2026-07-07T03:54:04.055-05:00 DEBUG 17240 --- [backend] [           main] org.hibernate.SQL                        : 
    select
        u1_0.id,
        u1_0.apellidos,
        u1_0.bloqueado_hasta,
        u1_0.correo,
        u1_0.estado,
        u1_0.fecha_registro,
        u1_0.intentos_fallidos,
        u1_0.nivel_suscripcion_id,
        u1_0.nombres,
        u1_0.password_hash,
        u1_0.password_reset_token,
        u1_0.password_reset_token_expira,
        u1_0.rol_id,
        r1_0.id,
        r1_0.estado,
        r1_0.fecha_creacion,
        r1_0.nombre,
        u1_0.telefono 
    from
        usuarios u1_0 
    join
        roles r1_0 
            on r1_0.id=u1_0.rol_id 
    where
        u1_0.id=?
Hibernate: 
    select
        u1_0.id,
        u1_0.apellidos,
        u1_0.bloqueado_hasta,
        u1_0.correo,
        u1_0.estado,
        u1_0.fecha_registro,
        u1_0.intentos_fallidos,
        u1_0.nivel_suscripcion_id,
        u1_0.nombres,
        u1_0.password_hash,
        u1_0.password_reset_token,
        u1_0.password_reset_token_expira,
        u1_0.rol_id,
        r1_0.id,
        r1_0.estado,
        r1_0.fecha_creacion,
        r1_0.nombre,
        u1_0.telefono 
    from
        usuarios u1_0 
    join
        roles r1_0 
            on r1_0.id=u1_0.rol_id 
    where
        u1_0.id=?
2026-07-07T03:54:04.056-05:00 DEBUG 17240 --- [backend] [           main] org.hibernate.SQL                        : 
    update
        usuarios 
    set
        apellidos=?,
        bloqueado_hasta=?,
        correo=?,
        estado=?,
        intentos_fallidos=?,
        nivel_suscripcion_id=?,
        nombres=?,
        password_hash=?,
        password_reset_token=?,
        password_reset_token_expira=?,
        rol_id=?,
        telefono=? 
    where
        id=?
Hibernate: 
    update
        usuarios 
    set
        apellidos=?,
        bloqueado_hasta=?,
        correo=?,
        estado=?,
        intentos_fallidos=?,
        nivel_suscripcion_id=?,
        nombres=?,
        password_hash=?,
        password_reset_token=?,
        password_reset_token_expira=?,
        rol_id=?,
        telefono=? 
    where
        id=?
2026-07-07T03:54:04.058-05:00 DEBUG 17240 --- [backend] [           main] org.hibernate.SQL                        : 
    select
        c1_0.id,
        c1_0.descripcion,
        c1_0.docente_id,
        c1_0.estado,
        c1_0.fecha_creacion,
        c1_0.imagen_portada,
        c1_0.nombre 
    from
        cursos c1_0
Hibernate: 
    select
        c1_0.id,
        c1_0.descripcion,
        c1_0.docente_id,
        c1_0.estado,
        c1_0.fecha_creacion,
        c1_0.imagen_portada,
        c1_0.nombre 
    from
        cursos c1_0
2026-07-07T03:54:04.071-05:00 DEBUG 17240 --- [backend] [           main] org.hibernate.SQL                        : 
    select
        m1_0.id,
        m1_0.curso_id,
        m1_0.descripcion,
        m1_0.estado,
        m1_0.nombre,
        m1_0.orden 
    from
        modulos m1_0 
    where
        m1_0.curso_id=? 
    order by
        m1_0.orden
Hibernate: 
    select
        m1_0.id,
        m1_0.curso_id,
        m1_0.descripcion,
        m1_0.estado,
        m1_0.nombre,
        m1_0.orden 
    from
        modulos m1_0 
    where
        m1_0.curso_id=? 
    order by
        m1_0.orden
2026-07-07T03:54:04.074-05:00 DEBUG 17240 --- [backend] [           main] org.hibernate.SQL                        : 
    select
        count(*) 
    from
        matriculas m1_0
Hibernate: 
    select
        count(*) 
    from
        matriculas m1_0
2026-07-07T03:54:04.077-05:00 DEBUG 17240 --- [backend] [           main] org.hibernate.SQL                        : 
    select
        count(*) 
    from
        certificados c1_0
Hibernate: 
    select
        count(*) 
    from
        certificados c1_0
2026-07-07T03:54:04.143-05:00 DEBUG 17240 --- [backend] [           main] org.hibernate.SQL                        : 
    select
        u1_0.id,
        u1_0.apellidos,
        u1_0.bloqueado_hasta,
        u1_0.correo,
        u1_0.estado,
        u1_0.fecha_registro,
        u1_0.intentos_fallidos,
        u1_0.nivel_suscripcion_id,
        u1_0.nombres,
        u1_0.password_hash,
        u1_0.password_reset_token,
        u1_0.password_reset_token_expira,
        u1_0.rol_id,
        u1_0.telefono 
    from
        usuarios u1_0 
    where
        u1_0.correo=?
Hibernate: 
    select
        u1_0.id,
        u1_0.apellidos,
        u1_0.bloqueado_hasta,
        u1_0.correo,
        u1_0.estado,
        u1_0.fecha_registro,
        u1_0.intentos_fallidos,
        u1_0.nivel_suscripcion_id,
        u1_0.nombres,
        u1_0.password_hash,
        u1_0.password_reset_token,
        u1_0.password_reset_token_expira,
        u1_0.rol_id,
        u1_0.telefono 
    from
        usuarios u1_0 
    where
        u1_0.correo=?
2026-07-07T03:54:04.144-05:00 DEBUG 17240 --- [backend] [           main] org.hibernate.SQL                        : 
    select
        r1_0.id,
        r1_0.estado,
        r1_0.fecha_creacion,
        r1_0.nombre 
    from
        roles r1_0 
    where
        r1_0.id=?
Hibernate: 
    select
        r1_0.id,
        r1_0.estado,
        r1_0.fecha_creacion,
        r1_0.nombre 
    from
        roles r1_0 
    where
        r1_0.id=?
2026-07-07T03:54:04.147-05:00 DEBUG 17240 --- [backend] [           main] org.hibernate.SQL                        : 
    select
        m1_0.id,
        m1_0.curso_id,
        m1_0.estado,
        m1_0.fecha_matricula,
        m1_0.usuario_id 
    from
        matriculas m1_0 
    where
        m1_0.usuario_id=?
Hibernate: 
    select
        m1_0.id,
        m1_0.curso_id,
        m1_0.estado,
        m1_0.fecha_matricula,
        m1_0.usuario_id 
    from
        matriculas m1_0 
    where
        m1_0.usuario_id=?
2026-07-07T03:54:04.151-05:00 DEBUG 17240 --- [backend] [           main] org.hibernate.SQL                        : 
    select
        m1_0.id,
        m1_0.curso_id,
        m1_0.descripcion,
        m1_0.estado,
        m1_0.nombre,
        m1_0.orden 
    from
        modulos m1_0 
    where
        m1_0.curso_id=? 
    order by
        m1_0.orden
Hibernate: 
    select
        m1_0.id,
        m1_0.curso_id,
        m1_0.descripcion,
        m1_0.estado,
        m1_0.nombre,
        m1_0.orden 
    from
        modulos m1_0 
    where
        m1_0.curso_id=? 
    order by
        m1_0.orden
2026-07-07T03:54:04.154-05:00 DEBUG 17240 --- [backend] [           main] org.hibernate.SQL                        : 
    select
        v1_0.id,
        v1_0.descripcion,
        v1_0.duracion_segundos,
        v1_0.estado,
        v1_0.fecha_creacion,
        v1_0.modulo_id,
        v1_0.orden,
        v1_0.titulo,
        v1_0.youtube_id,
        v1_0.youtube_url 
    from
        videos v1_0 
    where
        v1_0.modulo_id=? 
    order by
        v1_0.orden
Hibernate: 
    select
        v1_0.id,
        v1_0.descripcion,
        v1_0.duracion_segundos,
        v1_0.estado,
        v1_0.fecha_creacion,
        v1_0.modulo_id,
        v1_0.orden,
        v1_0.titulo,
        v1_0.youtube_id,
        v1_0.youtube_url 
    from
        videos v1_0 
    where
        v1_0.modulo_id=? 
    order by
        v1_0.orden
2026-07-07T03:54:04.157-05:00 DEBUG 17240 --- [backend] [           main] org.hibernate.SQL                        : 
    select
        m1_0.id,
        m1_0.archivo_interno,
        m1_0.archivo_url,
        m1_0.estado,
        m1_0.fecha_subida,
        m1_0.modulo_id,
        m1_0.nombre,
        m1_0.peso_bytes,
        m1_0.tipo_archivo 
    from
        materiales m1_0
Hibernate: 
    select
        m1_0.id,
        m1_0.archivo_interno,
        m1_0.archivo_url,
        m1_0.estado,
        m1_0.fecha_subida,
        m1_0.modulo_id,
        m1_0.nombre,
        m1_0.peso_bytes,
        m1_0.tipo_archivo 
    from
        materiales m1_0
2026-07-07T03:54:04.162-05:00 DEBUG 17240 --- [backend] [           main] org.hibernate.SQL                        : 
    select
        m1_0.id,
        m1_0.curso_id,
        m1_0.estado,
        m1_0.fecha_matricula,
        m1_0.usuario_id 
    from
        matriculas m1_0
Hibernate: 
    select
        m1_0.id,
        m1_0.curso_id,
        m1_0.estado,
        m1_0.fecha_matricula,
        m1_0.usuario_id 
    from
        matriculas m1_0
2026-07-07T03:54:04.167-05:00 DEBUG 17240 --- [backend] [           main] org.hibernate.SQL                        : 
    select
        c1_0.id,
        c1_0.archivo_pdf,
        c1_0.codigo,
        c1_0.curso_id,
        c1_0.fecha_emision,
        c1_0.numero_registro,
        c1_0.url_validacion,
        c1_0.usuario_id 
    from
        certificados c1_0
Hibernate: 
    select
        c1_0.id,
        c1_0.archivo_pdf,
        c1_0.codigo,
        c1_0.curso_id,
        c1_0.fecha_emision,
        c1_0.numero_registro,
        c1_0.url_validacion,
        c1_0.usuario_id 
    from
        certificados c1_0
2026-07-07T03:54:04.170-05:00 DEBUG 17240 --- [backend] [           main] org.hibernate.SQL                        : 
    select
        c1_0.id,
        c1_0.archivo_pdf,
        c1_0.codigo,
        c1_0.curso_id,
        c1_0.fecha_emision,
        c1_0.numero_registro,
        c1_0.url_validacion,
        c1_0.usuario_id 
    from
        certificados c1_0
Hibernate: 
    select
        c1_0.id,
        c1_0.archivo_pdf,
        c1_0.codigo,
        c1_0.curso_id,
        c1_0.fecha_emision,
        c1_0.numero_registro,
        c1_0.url_validacion,
        c1_0.usuario_id 
    from
        certificados c1_0
2026-07-07T03:54:04.174-05:00 DEBUG 17240 --- [backend] [           main] org.hibernate.SQL                        : 
    select
        ns1_0.id,
        ns1_0.descripcion,
        ns1_0.estado,
        ns1_0.fecha_creacion,
        ns1_0.nombre 
    from
        niveles_suscripcion ns1_0
Hibernate: 
    select
        ns1_0.id,
        ns1_0.descripcion,
        ns1_0.estado,
        ns1_0.fecha_creacion,
        ns1_0.nombre 
    from
        niveles_suscripcion ns1_0
======================================================================
>>> INICIANDO SUPER TEST DE INTEGRACIÓN MASIVA Y CHECKLIST INSTEIP <<<
======================================================================
2026-07-07T03:54:04.207-05:00 DEBUG 17240 --- [backend] [           main] org.hibernate.SQL                        : 
    select
        u1_0.id,
        u1_0.apellidos,
        u1_0.bloqueado_hasta,
        u1_0.correo,
        u1_0.estado,
        u1_0.fecha_registro,
        u1_0.intentos_fallidos,
        u1_0.nivel_suscripcion_id,
        u1_0.nombres,
        u1_0.password_hash,
        u1_0.password_reset_token,
        u1_0.password_reset_token_expira,
        u1_0.rol_id,
        u1_0.telefono 
    from
        usuarios u1_0 
    where
        u1_0.correo=?
Hibernate: 
    select
        u1_0.id,
        u1_0.apellidos,
        u1_0.bloqueado_hasta,
        u1_0.correo,
        u1_0.estado,
        u1_0.fecha_registro,
        u1_0.intentos_fallidos,
        u1_0.nivel_suscripcion_id,
        u1_0.nombres,
        u1_0.password_hash,
        u1_0.password_reset_token,
        u1_0.password_reset_token_expira,
        u1_0.rol_id,
        u1_0.telefono 
    from
        usuarios u1_0 
    where
        u1_0.correo=?
2026-07-07T03:54:04.268-05:00 DEBUG 17240 --- [backend] [           main] org.hibernate.SQL                        : 
    select
        u1_0.id,
        u1_0.apellidos,
        u1_0.bloqueado_hasta,
        u1_0.correo,
        u1_0.estado,
        u1_0.fecha_registro,
        u1_0.intentos_fallidos,
        u1_0.nivel_suscripcion_id,
        u1_0.nombres,
        u1_0.password_hash,
        u1_0.password_reset_token,
        u1_0.password_reset_token_expira,
        u1_0.rol_id,
        u1_0.telefono 
    from
        usuarios u1_0 
    where
        u1_0.correo=?
Hibernate: 
    select
        u1_0.id,
        u1_0.apellidos,
        u1_0.bloqueado_hasta,
        u1_0.correo,
        u1_0.estado,
        u1_0.fecha_registro,
        u1_0.intentos_fallidos,
        u1_0.nivel_suscripcion_id,
        u1_0.nombres,
        u1_0.password_hash,
        u1_0.password_reset_token,
        u1_0.password_reset_token_expira,
        u1_0.rol_id,
        u1_0.telefono 
    from
        usuarios u1_0 
    where
        u1_0.correo=?
2026-07-07T03:54:04.331-05:00 DEBUG 17240 --- [backend] [           main] org.hibernate.SQL                        : 
    select
        u1_0.id,
        u1_0.apellidos,
        u1_0.bloqueado_hasta,
        u1_0.correo,
        u1_0.estado,
        u1_0.fecha_registro,
        u1_0.intentos_fallidos,
        u1_0.nivel_suscripcion_id,
        u1_0.nombres,
        u1_0.password_hash,
        u1_0.password_reset_token,
        u1_0.password_reset_token_expira,
        u1_0.rol_id,
        r1_0.id,
        r1_0.estado,
        r1_0.fecha_creacion,
        r1_0.nombre,
        u1_0.telefono 
    from
        usuarios u1_0 
    join
        roles r1_0 
            on r1_0.id=u1_0.rol_id 
    where
        u1_0.id=?
Hibernate: 
    select
        u1_0.id,
        u1_0.apellidos,
        u1_0.bloqueado_hasta,
        u1_0.correo,
        u1_0.estado,
        u1_0.fecha_registro,
        u1_0.intentos_fallidos,
        u1_0.nivel_suscripcion_id,
        u1_0.nombres,
        u1_0.password_hash,
        u1_0.password_reset_token,
        u1_0.password_reset_token_expira,
        u1_0.rol_id,
        r1_0.id,
        r1_0.estado,
        r1_0.fecha_creacion,
        r1_0.nombre,
        u1_0.telefono 
    from
        usuarios u1_0 
    join
        roles r1_0 
            on r1_0.id=u1_0.rol_id 
    where
        u1_0.id=?
2026-07-07T03:54:04.337-05:00 DEBUG 17240 --- [backend] [           main] org.hibernate.SQL                        : 
    insert 
    into
        login_auditoria
        (correo, exitoso, fecha, ip, motivo, user_agent, usuario_id) 
    values
        (?, ?, ?, ?, ?, ?, ?)
Hibernate: 
    insert 
    into
        login_auditoria
        (correo, exitoso, fecha, ip, motivo, user_agent, usuario_id) 
    values
        (?, ?, ?, ?, ?, ?, ?)
2026-07-07T03:54:04.356-05:00 DEBUG 17240 --- [backend] [           main] org.hibernate.SQL                        : 
    select
        u1_0.id,
        u1_0.apellidos,
        u1_0.bloqueado_hasta,
        u1_0.correo,
        u1_0.estado,
        u1_0.fecha_registro,
        u1_0.intentos_fallidos,
        u1_0.nivel_suscripcion_id,
        u1_0.nombres,
        u1_0.password_hash,
        u1_0.password_reset_token,
        u1_0.password_reset_token_expira,
        u1_0.rol_id,
        u1_0.telefono 
    from
        usuarios u1_0 
    where
        u1_0.correo=?
Hibernate: 
    select
        u1_0.id,
        u1_0.apellidos,
        u1_0.bloqueado_hasta,
        u1_0.correo,
        u1_0.estado,
        u1_0.fecha_registro,
        u1_0.intentos_fallidos,
        u1_0.nivel_suscripcion_id,
        u1_0.nombres,
        u1_0.password_hash,
        u1_0.password_reset_token,
        u1_0.password_reset_token_expira,
        u1_0.rol_id,
        u1_0.telefono 
    from
        usuarios u1_0 
    where
        u1_0.correo=?
2026-07-07T03:54:04.357-05:00 DEBUG 17240 --- [backend] [           main] org.hibernate.SQL                        : 
    select
        r1_0.id,
        r1_0.estado,
        r1_0.fecha_creacion,
        r1_0.nombre 
    from
        roles r1_0 
    where
        r1_0.id=?
Hibernate: 
    select
        r1_0.id,
        r1_0.estado,
        r1_0.fecha_creacion,
        r1_0.nombre 
    from
        roles r1_0 
    where
        r1_0.id=?
2026-07-07T03:54:04.359-05:00 DEBUG 17240 --- [backend] [           main] org.hibernate.SQL                        : 
    select
        u1_0.id,
        u1_0.apellidos,
        u1_0.bloqueado_hasta,
        u1_0.correo,
        u1_0.estado,
        u1_0.fecha_registro,
        u1_0.intentos_fallidos,
        u1_0.nivel_suscripcion_id,
        u1_0.nombres,
        u1_0.password_hash,
        u1_0.password_reset_token,
        u1_0.password_reset_token_expira,
        u1_0.rol_id,
        u1_0.telefono 
    from
        usuarios u1_0 
    where
        u1_0.correo=?
Hibernate: 
    select
        u1_0.id,
        u1_0.apellidos,
        u1_0.bloqueado_hasta,
        u1_0.correo,
        u1_0.estado,
        u1_0.fecha_registro,
        u1_0.intentos_fallidos,
        u1_0.nivel_suscripcion_id,
        u1_0.nombres,
        u1_0.password_hash,
        u1_0.password_reset_token,
        u1_0.password_reset_token_expira,
        u1_0.rol_id,
        u1_0.telefono 
    from
        usuarios u1_0 
    where
        u1_0.correo=?
2026-07-07T03:54:04.420-05:00 DEBUG 17240 --- [backend] [           main] org.hibernate.SQL                        : 
    insert 
    into
        login_auditoria
        (correo, exitoso, fecha, ip, motivo, user_agent, usuario_id) 
    values
        (?, ?, ?, ?, ?, ?, ?)
Hibernate: 
    insert 
    into
        login_auditoria
        (correo, exitoso, fecha, ip, motivo, user_agent, usuario_id) 
    values
        (?, ?, ?, ?, ?, ?, ?)
2026-07-07T03:54:04.423-05:00 DEBUG 17240 --- [backend] [           main] org.hibernate.SQL                        : 
    insert 
    into
        refresh_tokens
        (activo, expiracion, fecha_creacion, token, usuario_id) 
    values
        (?, ?, ?, ?, ?)
Hibernate: 
    insert 
    into
        refresh_tokens
        (activo, expiracion, fecha_creacion, token, usuario_id) 
    values
        (?, ?, ?, ?, ?)
2026-07-07T03:54:04.446-05:00 DEBUG 17240 --- [backend] [           main] org.hibernate.SQL                        : 
    select
        u1_0.id,
        u1_0.apellidos,
        u1_0.bloqueado_hasta,
        u1_0.correo,
        u1_0.estado,
        u1_0.fecha_registro,
        u1_0.intentos_fallidos,
        u1_0.nivel_suscripcion_id,
        u1_0.nombres,
        u1_0.password_hash,
        u1_0.password_reset_token,
        u1_0.password_reset_token_expira,
        u1_0.rol_id,
        u1_0.telefono 
    from
        usuarios u1_0 
    where
        u1_0.correo=?
Hibernate: 
    select
        u1_0.id,
        u1_0.apellidos,
        u1_0.bloqueado_hasta,
        u1_0.correo,
        u1_0.estado,
        u1_0.fecha_registro,
        u1_0.intentos_fallidos,
        u1_0.nivel_suscripcion_id,
        u1_0.nombres,
        u1_0.password_hash,
        u1_0.password_reset_token,
        u1_0.password_reset_token_expira,
        u1_0.rol_id,
        u1_0.telefono 
    from
        usuarios u1_0 
    where
        u1_0.correo=?
2026-07-07T03:54:04.447-05:00 DEBUG 17240 --- [backend] [           main] org.hibernate.SQL                        : 
    select
        r1_0.id,
        r1_0.estado,
        r1_0.fecha_creacion,
        r1_0.nombre 
    from
        roles r1_0 
    where
        r1_0.id=?
Hibernate: 
    select
        r1_0.id,
        r1_0.estado,
        r1_0.fecha_creacion,
        r1_0.nombre 
    from
        roles r1_0 
    where
        r1_0.id=?
2026-07-07T03:54:04.450-05:00 DEBUG 17240 --- [backend] [           main] org.hibernate.SQL                        : 
    select
        u1_0.id,
        u1_0.apellidos,
        u1_0.bloqueado_hasta,
        u1_0.correo,
        u1_0.estado,
        u1_0.fecha_registro,
        u1_0.intentos_fallidos,
        u1_0.nivel_suscripcion_id,
        u1_0.nombres,
        u1_0.password_hash,
        u1_0.password_reset_token,
        u1_0.password_reset_token_expira,
        u1_0.rol_id,
        u1_0.telefono 
    from
        usuarios u1_0 
    where
        u1_0.correo=?
Hibernate: 
    select
        u1_0.id,
        u1_0.apellidos,
        u1_0.bloqueado_hasta,
        u1_0.correo,
        u1_0.estado,
        u1_0.fecha_registro,
        u1_0.intentos_fallidos,
        u1_0.nivel_suscripcion_id,
        u1_0.nombres,
        u1_0.password_hash,
        u1_0.password_reset_token,
        u1_0.password_reset_token_expira,
        u1_0.rol_id,
        u1_0.telefono 
    from
        usuarios u1_0 
    where
        u1_0.correo=?
2026-07-07T03:54:04.514-05:00 DEBUG 17240 --- [backend] [           main] org.hibernate.SQL                        : 
    insert 
    into
        login_auditoria
        (correo, exitoso, fecha, ip, motivo, user_agent, usuario_id) 
    values
        (?, ?, ?, ?, ?, ?, ?)
Hibernate: 
    insert 
    into
        login_auditoria
        (correo, exitoso, fecha, ip, motivo, user_agent, usuario_id) 
    values
        (?, ?, ?, ?, ?, ?, ?)
2026-07-07T03:54:04.516-05:00 DEBUG 17240 --- [backend] [           main] org.hibernate.SQL                        : 
    insert 
    into
        refresh_tokens
        (activo, expiracion, fecha_creacion, token, usuario_id) 
    values
        (?, ?, ?, ?, ?)
Hibernate: 
    insert 
    into
        refresh_tokens
        (activo, expiracion, fecha_creacion, token, usuario_id) 
    values
        (?, ?, ?, ?, ?)
2026-07-07T03:54:04.543-05:00 DEBUG 17240 --- [backend] [           main] org.hibernate.SQL                        : 
    select
        u1_0.id,
        u1_0.apellidos,
        u1_0.bloqueado_hasta,
        u1_0.correo,
        u1_0.estado,
        u1_0.fecha_registro,
        u1_0.intentos_fallidos,
        u1_0.nivel_suscripcion_id,
        u1_0.nombres,
        u1_0.password_hash,
        u1_0.password_reset_token,
        u1_0.password_reset_token_expira,
        u1_0.rol_id,
        u1_0.telefono 
    from
        usuarios u1_0 
    where
        u1_0.correo=?
Hibernate: 
    select
        u1_0.id,
        u1_0.apellidos,
        u1_0.bloqueado_hasta,
        u1_0.correo,
        u1_0.estado,
        u1_0.fecha_registro,
        u1_0.intentos_fallidos,
        u1_0.nivel_suscripcion_id,
        u1_0.nombres,
        u1_0.password_hash,
        u1_0.password_reset_token,
        u1_0.password_reset_token_expira,
        u1_0.rol_id,
        u1_0.telefono 
    from
        usuarios u1_0 
    where
        u1_0.correo=?
2026-07-07T03:54:04.544-05:00 DEBUG 17240 --- [backend] [           main] org.hibernate.SQL                        : 
    select
        r1_0.id,
        r1_0.estado,
        r1_0.fecha_creacion,
        r1_0.nombre 
    from
        roles r1_0 
    where
        r1_0.id=?
Hibernate: 
    select
        r1_0.id,
        r1_0.estado,
        r1_0.fecha_creacion,
        r1_0.nombre 
    from
        roles r1_0 
    where
        r1_0.id=?
2026-07-07T03:54:04.548-05:00 DEBUG 17240 --- [backend] [           main] org.hibernate.SQL                        : 
    select
        u1_0.id,
        u1_0.apellidos,
        u1_0.bloqueado_hasta,
        u1_0.correo,
        u1_0.estado,
        u1_0.fecha_registro,
        u1_0.intentos_fallidos,
        u1_0.nivel_suscripcion_id,
        u1_0.nombres,
        u1_0.password_hash,
        u1_0.password_reset_token,
        u1_0.password_reset_token_expira,
        u1_0.rol_id,
        u1_0.telefono 
    from
        usuarios u1_0 
    where
        u1_0.correo=?
Hibernate: 
    select
        u1_0.id,
        u1_0.apellidos,
        u1_0.bloqueado_hasta,
        u1_0.correo,
        u1_0.estado,
        u1_0.fecha_registro,
        u1_0.intentos_fallidos,
        u1_0.nivel_suscripcion_id,
        u1_0.nombres,
        u1_0.password_hash,
        u1_0.password_reset_token,
        u1_0.password_reset_token_expira,
        u1_0.rol_id,
        u1_0.telefono 
    from
        usuarios u1_0 
    where
        u1_0.correo=?
2026-07-07T03:54:04.549-05:00 DEBUG 17240 --- [backend] [           main] org.hibernate.SQL                        : 
    select
        r1_0.id,
        r1_0.estado,
        r1_0.fecha_creacion,
        r1_0.nombre 
    from
        roles r1_0 
    where
        r1_0.id=?
Hibernate: 
    select
        r1_0.id,
        r1_0.estado,
        r1_0.fecha_creacion,
        r1_0.nombre 
    from
        roles r1_0 
    where
        r1_0.id=?
2026-07-07T03:54:04.556-05:00 DEBUG 17240 --- [backend] [           main] org.hibernate.SQL                        : 
    select
        u1_0.id,
        u1_0.apellidos,
        u1_0.bloqueado_hasta,
        u1_0.correo,
        u1_0.estado,
        u1_0.fecha_registro,
        u1_0.intentos_fallidos,
        u1_0.nivel_suscripcion_id,
        u1_0.nombres,
        u1_0.password_hash,
        u1_0.password_reset_token,
        u1_0.password_reset_token_expira,
        u1_0.rol_id,
        u1_0.telefono 
    from
        usuarios u1_0 
    where
        u1_0.correo=?
Hibernate: 
    select
        u1_0.id,
        u1_0.apellidos,
        u1_0.bloqueado_hasta,
        u1_0.correo,
        u1_0.estado,
        u1_0.fecha_registro,
        u1_0.intentos_fallidos,
        u1_0.nivel_suscripcion_id,
        u1_0.nombres,
        u1_0.password_hash,
        u1_0.password_reset_token,
        u1_0.password_reset_token_expira,
        u1_0.rol_id,
        u1_0.telefono 
    from
        usuarios u1_0 
    where
        u1_0.correo=?
2026-07-07T03:54:04.556-05:00 DEBUG 17240 --- [backend] [           main] org.hibernate.SQL                        : 
    select
        r1_0.id,
        r1_0.estado,
        r1_0.fecha_creacion,
        r1_0.nombre 
    from
        roles r1_0 
    where
        r1_0.id=?
Hibernate: 
    select
        r1_0.id,
        r1_0.estado,
        r1_0.fecha_creacion,
        r1_0.nombre 
    from
        roles r1_0 
    where
        r1_0.id=?
2026-07-07T03:54:04.561-05:00 DEBUG 17240 --- [backend] [           main] org.hibernate.SQL                        : 
    select
        u1_0.id,
        u1_0.apellidos,
        u1_0.bloqueado_hasta,
        u1_0.correo,
        u1_0.estado,
        u1_0.fecha_registro,
        u1_0.intentos_fallidos,
        u1_0.nivel_suscripcion_id,
        u1_0.nombres,
        u1_0.password_hash,
        u1_0.password_reset_token,
        u1_0.password_reset_token_expira,
        u1_0.rol_id,
        u1_0.telefono 
    from
        usuarios u1_0 
    where
        u1_0.correo=?
Hibernate: 
    select
        u1_0.id,
        u1_0.apellidos,
        u1_0.bloqueado_hasta,
        u1_0.correo,
        u1_0.estado,
        u1_0.fecha_registro,
        u1_0.intentos_fallidos,
        u1_0.nivel_suscripcion_id,
        u1_0.nombres,
        u1_0.password_hash,
        u1_0.password_reset_token,
        u1_0.password_reset_token_expira,
        u1_0.rol_id,
        u1_0.telefono 
    from
        usuarios u1_0 
    where
        u1_0.correo=?
2026-07-07T03:54:04.561-05:00 DEBUG 17240 --- [backend] [           main] org.hibernate.SQL                        : 
    select
        r1_0.id,
        r1_0.estado,
        r1_0.fecha_creacion,
        r1_0.nombre 
    from
        roles r1_0 
    where
        r1_0.id=?
Hibernate: 
    select
        r1_0.id,
        r1_0.estado,
        r1_0.fecha_creacion,
        r1_0.nombre 
    from
        roles r1_0 
    where
        r1_0.id=?
2026-07-07T03:54:04.563-05:00 DEBUG 17240 --- [backend] [           main] org.hibernate.SQL                        : 
    select
        ns1_0.id,
        ns1_0.descripcion,
        ns1_0.estado,
        ns1_0.fecha_creacion,
        ns1_0.nombre 
    from
        niveles_suscripcion ns1_0 
    where
        ns1_0.id=?
Hibernate: 
    select
        ns1_0.id,
        ns1_0.descripcion,
        ns1_0.estado,
        ns1_0.fecha_creacion,
        ns1_0.nombre 
    from
        niveles_suscripcion ns1_0 
    where
        ns1_0.id=?
2026-07-07T03:54:04.574-05:00 DEBUG 17240 --- [backend] [           main] org.hibernate.SQL                        : 
    select
        u1_0.id,
        u1_0.apellidos,
        u1_0.bloqueado_hasta,
        u1_0.correo,
        u1_0.estado,
        u1_0.fecha_registro,
        u1_0.intentos_fallidos,
        u1_0.nivel_suscripcion_id,
        u1_0.nombres,
        u1_0.password_hash,
        u1_0.password_reset_token,
        u1_0.password_reset_token_expira,
        u1_0.rol_id,
        u1_0.telefono 
    from
        usuarios u1_0 
    where
        u1_0.correo=?
Hibernate: 
    select
        u1_0.id,
        u1_0.apellidos,
        u1_0.bloqueado_hasta,
        u1_0.correo,
        u1_0.estado,
        u1_0.fecha_registro,
        u1_0.intentos_fallidos,
        u1_0.nivel_suscripcion_id,
        u1_0.nombres,
        u1_0.password_hash,
        u1_0.password_reset_token,
        u1_0.password_reset_token_expira,
        u1_0.rol_id,
        u1_0.telefono 
    from
        usuarios u1_0 
    where
        u1_0.correo=?
2026-07-07T03:54:04.575-05:00 DEBUG 17240 --- [backend] [           main] org.hibernate.SQL                        : 
    select
        r1_0.id,
        r1_0.estado,
        r1_0.fecha_creacion,
        r1_0.nombre 
    from
        roles r1_0 
    where
        r1_0.id=?
Hibernate: 
    select
        r1_0.id,
        r1_0.estado,
        r1_0.fecha_creacion,
        r1_0.nombre 
    from
        roles r1_0 
    where
        r1_0.id=?
==================================================
RECUPERACIÓN DE CONTRASEÑA MOCK:
Usuario: admin@insteip.com
Token temporal de 15 min: 854816
==================================================
2026-07-07T03:54:04.577-05:00 DEBUG 17240 --- [backend] [           main] org.hibernate.SQL                        : 
    update
        usuarios 
    set
        apellidos=?,
        bloqueado_hasta=?,
        correo=?,
        estado=?,
        intentos_fallidos=?,
        nivel_suscripcion_id=?,
        nombres=?,
        password_hash=?,
        password_reset_token=?,
        password_reset_token_expira=?,
        rol_id=?,
        telefono=? 
    where
        id=?
Hibernate: 
    update
        usuarios 
    set
        apellidos=?,
        bloqueado_hasta=?,
        correo=?,
        estado=?,
        intentos_fallidos=?,
        nivel_suscripcion_id=?,
        nombres=?,
        password_hash=?,
        password_reset_token=?,
        password_reset_token_expira=?,
        rol_id=?,
        telefono=? 
    where
        id=?
2026-07-07T03:54:04.585-05:00 DEBUG 17240 --- [backend] [           main] org.hibernate.SQL                        : 
    select
        u1_0.id,
        u1_0.apellidos,
        u1_0.bloqueado_hasta,
        u1_0.correo,
        u1_0.estado,
        u1_0.fecha_registro,
        u1_0.intentos_fallidos,
        u1_0.nivel_suscripcion_id,
        u1_0.nombres,
        u1_0.password_hash,
        u1_0.password_reset_token,
        u1_0.password_reset_token_expira,
        u1_0.rol_id,
        u1_0.telefono 
    from
        usuarios u1_0 
    where
        u1_0.password_reset_token=?
Hibernate: 
    select
        u1_0.id,
        u1_0.apellidos,
        u1_0.bloqueado_hasta,
        u1_0.correo,
        u1_0.estado,
        u1_0.fecha_registro,
        u1_0.intentos_fallidos,
        u1_0.nivel_suscripcion_id,
        u1_0.nombres,
        u1_0.password_hash,
        u1_0.password_reset_token,
        u1_0.password_reset_token_expira,
        u1_0.rol_id,
        u1_0.telefono 
    from
        usuarios u1_0 
    where
        u1_0.password_reset_token=?
2026-07-07T03:54:04.591-05:00 DEBUG 17240 --- [backend] [           main] org.hibernate.SQL                        : 
    select
        rt1_0.id,
        rt1_0.activo,
        rt1_0.expiracion,
        rt1_0.fecha_creacion,
        rt1_0.token,
        rt1_0.usuario_id 
    from
        refresh_tokens rt1_0 
    where
        rt1_0.token=?
Hibernate: 
    select
        rt1_0.id,
        rt1_0.activo,
        rt1_0.expiracion,
        rt1_0.fecha_creacion,
        rt1_0.token,
        rt1_0.usuario_id 
    from
        refresh_tokens rt1_0 
    where
        rt1_0.token=?
2026-07-07T03:54:04.595-05:00 DEBUG 17240 --- [backend] [           main] org.hibernate.SQL                        : 
    select
        u1_0.id,
        u1_0.apellidos,
        u1_0.bloqueado_hasta,
        u1_0.correo,
        u1_0.estado,
        u1_0.fecha_registro,
        u1_0.intentos_fallidos,
        u1_0.nivel_suscripcion_id,
        u1_0.nombres,
        u1_0.password_hash,
        u1_0.password_reset_token,
        u1_0.password_reset_token_expira,
        u1_0.rol_id,
        r1_0.id,
        r1_0.estado,
        r1_0.fecha_creacion,
        r1_0.nombre,
        u1_0.telefono 
    from
        usuarios u1_0 
    join
        roles r1_0 
            on r1_0.id=u1_0.rol_id 
    where
        u1_0.id=?
Hibernate: 
    select
        u1_0.id,
        u1_0.apellidos,
        u1_0.bloqueado_hasta,
        u1_0.correo,
        u1_0.estado,
        u1_0.fecha_registro,
        u1_0.intentos_fallidos,
        u1_0.nivel_suscripcion_id,
        u1_0.nombres,
        u1_0.password_hash,
        u1_0.password_reset_token,
        u1_0.password_reset_token_expira,
        u1_0.rol_id,
        r1_0.id,
        r1_0.estado,
        r1_0.fecha_creacion,
        r1_0.nombre,
        u1_0.telefono 
    from
        usuarios u1_0 
    join
        roles r1_0 
            on r1_0.id=u1_0.rol_id 
    where
        u1_0.id=?
2026-07-07T03:54:04.600-05:00 DEBUG 17240 --- [backend] [           main] org.hibernate.SQL                        : 
    insert 
    into
        refresh_tokens
        (activo, expiracion, fecha_creacion, token, usuario_id) 
    values
        (?, ?, ?, ?, ?)
Hibernate: 
    insert 
    into
        refresh_tokens
        (activo, expiracion, fecha_creacion, token, usuario_id) 
    values
        (?, ?, ?, ?, ?)
2026-07-07T03:54:04.603-05:00 DEBUG 17240 --- [backend] [           main] org.hibernate.SQL                        : 
    delete 
    from
        refresh_tokens 
    where
        id=?
Hibernate: 
    delete 
    from
        refresh_tokens 
    where
        id=?
2026-07-07T03:54:04.610-05:00 DEBUG 17240 --- [backend] [           main] org.hibernate.SQL                        : 
    select
        rt1_0.id,
        rt1_0.activo,
        rt1_0.expiracion,
        rt1_0.fecha_creacion,
        rt1_0.token,
        rt1_0.usuario_id 
    from
        refresh_tokens rt1_0 
    where
        rt1_0.token=?
Hibernate: 
    select
        rt1_0.id,
        rt1_0.activo,
        rt1_0.expiracion,
        rt1_0.fecha_creacion,
        rt1_0.token,
        rt1_0.usuario_id 
    from
        refresh_tokens rt1_0 
    where
        rt1_0.token=?
2026-07-07T03:54:04.616-05:00 DEBUG 17240 --- [backend] [           main] org.hibernate.SQL                        : 
    select
        u1_0.id,
        u1_0.apellidos,
        u1_0.bloqueado_hasta,
        u1_0.correo,
        u1_0.estado,
        u1_0.fecha_registro,
        u1_0.intentos_fallidos,
        u1_0.nivel_suscripcion_id,
        u1_0.nombres,
        u1_0.password_hash,
        u1_0.password_reset_token,
        u1_0.password_reset_token_expira,
        u1_0.rol_id,
        u1_0.telefono 
    from
        usuarios u1_0 
    where
        u1_0.correo=?
Hibernate: 
    select
        u1_0.id,
        u1_0.apellidos,
        u1_0.bloqueado_hasta,
        u1_0.correo,
        u1_0.estado,
        u1_0.fecha_registro,
        u1_0.intentos_fallidos,
        u1_0.nivel_suscripcion_id,
        u1_0.nombres,
        u1_0.password_hash,
        u1_0.password_reset_token,
        u1_0.password_reset_token_expira,
        u1_0.rol_id,
        u1_0.telefono 
    from
        usuarios u1_0 
    where
        u1_0.correo=?
2026-07-07T03:54:04.617-05:00 DEBUG 17240 --- [backend] [           main] org.hibernate.SQL                        : 
    select
        r1_0.id,
        r1_0.estado,
        r1_0.fecha_creacion,
        r1_0.nombre 
    from
        roles r1_0 
    where
        r1_0.id=?
Hibernate: 
    select
        r1_0.id,
        r1_0.estado,
        r1_0.fecha_creacion,
        r1_0.nombre 
    from
        roles r1_0 
    where
        r1_0.id=?
2026-07-07T03:54:04.648-05:00 DEBUG 17240 --- [backend] [           main] org.hibernate.SQL                        : 
    select
        u1_0.id,
        u1_0.apellidos,
        u1_0.bloqueado_hasta,
        u1_0.correo,
        u1_0.estado,
        u1_0.fecha_registro,
        u1_0.intentos_fallidos,
        u1_0.nivel_suscripcion_id,
        u1_0.nombres,
        u1_0.password_hash,
        u1_0.password_reset_token,
        u1_0.password_reset_token_expira,
        u1_0.rol_id,
        u1_0.telefono 
    from
        usuarios u1_0 
    join
        roles r1_0 
            on r1_0.id=u1_0.rol_id 
    where
        r1_0.nombre=? 
    fetch
        first ? rows only
Hibernate: 
    select
        u1_0.id,
        u1_0.apellidos,
        u1_0.bloqueado_hasta,
        u1_0.correo,
        u1_0.estado,
        u1_0.fecha_registro,
        u1_0.intentos_fallidos,
        u1_0.nivel_suscripcion_id,
        u1_0.nombres,
        u1_0.password_hash,
        u1_0.password_reset_token,
        u1_0.password_reset_token_expira,
        u1_0.rol_id,
        u1_0.telefono 
    from
        usuarios u1_0 
    join
        roles r1_0 
            on r1_0.id=u1_0.rol_id 
    where
        r1_0.nombre=? 
    fetch
        first ? rows only
2026-07-07T03:54:04.649-05:00 DEBUG 17240 --- [backend] [           main] org.hibernate.SQL                        : 
    select
        r1_0.id,
        r1_0.estado,
        r1_0.fecha_creacion,
        r1_0.nombre 
    from
        roles r1_0 
    where
        r1_0.id=?
Hibernate: 
    select
        r1_0.id,
        r1_0.estado,
        r1_0.fecha_creacion,
        r1_0.nombre 
    from
        roles r1_0 
    where
        r1_0.id=?
2026-07-07T03:54:04.655-05:00 DEBUG 17240 --- [backend] [           main] org.hibernate.SQL                        : 
    select
        count(u1_0.id) 
    from
        usuarios u1_0 
    join
        roles r1_0 
            on r1_0.id=u1_0.rol_id 
    where
        r1_0.nombre=?
Hibernate: 
    select
        count(u1_0.id) 
    from
        usuarios u1_0 
    join
        roles r1_0 
            on r1_0.id=u1_0.rol_id 
    where
        r1_0.nombre=?
2026-07-07T03:54:04.657-05:00 DEBUG 17240 --- [backend] [           main] org.hibernate.SQL                        : 
    select
        ns1_0.id,
        ns1_0.descripcion,
        ns1_0.estado,
        ns1_0.fecha_creacion,
        ns1_0.nombre 
    from
        niveles_suscripcion ns1_0 
    where
        ns1_0.id=?
Hibernate: 
    select
        ns1_0.id,
        ns1_0.descripcion,
        ns1_0.estado,
        ns1_0.fecha_creacion,
        ns1_0.nombre 
    from
        niveles_suscripcion ns1_0 
    where
        ns1_0.id=?
2026-07-07T03:54:04.658-05:00 DEBUG 17240 --- [backend] [           main] org.hibernate.SQL                        : 
    select
        ns1_0.id,
        ns1_0.descripcion,
        ns1_0.estado,
        ns1_0.fecha_creacion,
        ns1_0.nombre 
    from
        niveles_suscripcion ns1_0 
    where
        ns1_0.id=?
Hibernate: 
    select
        ns1_0.id,
        ns1_0.descripcion,
        ns1_0.estado,
        ns1_0.fecha_creacion,
        ns1_0.nombre 
    from
        niveles_suscripcion ns1_0 
    where
        ns1_0.id=?
2026-07-07T03:54:04.658-05:00 DEBUG 17240 --- [backend] [           main] org.hibernate.SQL                        : 
    select
        ns1_0.id,
        ns1_0.descripcion,
        ns1_0.estado,
        ns1_0.fecha_creacion,
        ns1_0.nombre 
    from
        niveles_suscripcion ns1_0 
    where
        ns1_0.id=?
Hibernate: 
    select
        ns1_0.id,
        ns1_0.descripcion,
        ns1_0.estado,
        ns1_0.fecha_creacion,
        ns1_0.nombre 
    from
        niveles_suscripcion ns1_0 
    where
        ns1_0.id=?
2026-07-07T03:54:04.660-05:00  WARN 17240 --- [backend] [           main] ration$PageModule$WarningLoggingModifier : Serializing PageImpl instances as-is is not supported, meaning that there is no guarantee about the stability of the resulting JSON structure!
	For a stable JSON structure, please use Spring Data's PagedModel (globally via @EnableSpringDataWebSupport(pageSerializationMode = VIA_DTO))
	or Spring HATEOAS and Spring Data's PagedResourcesAssembler as documented in https://docs.spring.io/spring-data/commons/reference/repositories/core-extensions.html#core.web.pageables.

2026-07-07T03:54:04.669-05:00 DEBUG 17240 --- [backend] [           main] org.hibernate.SQL                        : 
    select
        u1_0.id,
        u1_0.apellidos,
        u1_0.bloqueado_hasta,
        u1_0.correo,
        u1_0.estado,
        u1_0.fecha_registro,
        u1_0.intentos_fallidos,
        u1_0.nivel_suscripcion_id,
        u1_0.nombres,
        u1_0.password_hash,
        u1_0.password_reset_token,
        u1_0.password_reset_token_expira,
        u1_0.rol_id,
        u1_0.telefono 
    from
        usuarios u1_0 
    where
        u1_0.correo=?
Hibernate: 
    select
        u1_0.id,
        u1_0.apellidos,
        u1_0.bloqueado_hasta,
        u1_0.correo,
        u1_0.estado,
        u1_0.fecha_registro,
        u1_0.intentos_fallidos,
        u1_0.nivel_suscripcion_id,
        u1_0.nombres,
        u1_0.password_hash,
        u1_0.password_reset_token,
        u1_0.password_reset_token_expira,
        u1_0.rol_id,
        u1_0.telefono 
    from
        usuarios u1_0 
    where
        u1_0.correo=?
2026-07-07T03:54:04.670-05:00 DEBUG 17240 --- [backend] [           main] org.hibernate.SQL                        : 
    select
        r1_0.id,
        r1_0.estado,
        r1_0.fecha_creacion,
        r1_0.nombre 
    from
        roles r1_0 
    where
        r1_0.id=?
Hibernate: 
    select
        r1_0.id,
        r1_0.estado,
        r1_0.fecha_creacion,
        r1_0.nombre 
    from
        roles r1_0 
    where
        r1_0.id=?
2026-07-07T03:54:04.681-05:00 DEBUG 17240 --- [backend] [           main] org.hibernate.SQL                        : 
    select
        u1_0.id,
        u1_0.apellidos,
        u1_0.bloqueado_hasta,
        u1_0.correo,
        u1_0.estado,
        u1_0.fecha_registro,
        u1_0.intentos_fallidos,
        u1_0.nivel_suscripcion_id,
        u1_0.nombres,
        u1_0.password_hash,
        u1_0.password_reset_token,
        u1_0.password_reset_token_expira,
        u1_0.rol_id,
        u1_0.telefono 
    from
        usuarios u1_0 
    join
        roles r1_0 
            on r1_0.id=u1_0.rol_id 
    where
        r1_0.nombre='ALUMNO' 
        and (
            lower(u1_0.nombres) like lower(('%'||?||'%')) escape '' 
            or lower(u1_0.apellidos) like lower(('%'||?||'%')) escape '' 
            or lower(u1_0.correo) like lower(('%'||?||'%')) escape ''
        ) 
    fetch
        first ? rows only
Hibernate: 
    select
        u1_0.id,
        u1_0.apellidos,
        u1_0.bloqueado_hasta,
        u1_0.correo,
        u1_0.estado,
        u1_0.fecha_registro,
        u1_0.intentos_fallidos,
        u1_0.nivel_suscripcion_id,
        u1_0.nombres,
        u1_0.password_hash,
        u1_0.password_reset_token,
        u1_0.password_reset_token_expira,
        u1_0.rol_id,
        u1_0.telefono 
    from
        usuarios u1_0 
    join
        roles r1_0 
            on r1_0.id=u1_0.rol_id 
    where
        r1_0.nombre='ALUMNO' 
        and (
            lower(u1_0.nombres) like lower(('%'||?||'%')) escape '' 
            or lower(u1_0.apellidos) like lower(('%'||?||'%')) escape '' 
            or lower(u1_0.correo) like lower(('%'||?||'%')) escape ''
        ) 
    fetch
        first ? rows only
2026-07-07T03:54:04.684-05:00 DEBUG 17240 --- [backend] [           main] org.hibernate.SQL                        : 
    select
        r1_0.id,
        r1_0.estado,
        r1_0.fecha_creacion,
        r1_0.nombre 
    from
        roles r1_0 
    where
        r1_0.id=?
Hibernate: 
    select
        r1_0.id,
        r1_0.estado,
        r1_0.fecha_creacion,
        r1_0.nombre 
    from
        roles r1_0 
    where
        r1_0.id=?
2026-07-07T03:54:04.685-05:00 DEBUG 17240 --- [backend] [           main] org.hibernate.SQL                        : 
    select
        ns1_0.id,
        ns1_0.descripcion,
        ns1_0.estado,
        ns1_0.fecha_creacion,
        ns1_0.nombre 
    from
        niveles_suscripcion ns1_0 
    where
        ns1_0.id=?
Hibernate: 
    select
        ns1_0.id,
        ns1_0.descripcion,
        ns1_0.estado,
        ns1_0.fecha_creacion,
        ns1_0.nombre 
    from
        niveles_suscripcion ns1_0 
    where
        ns1_0.id=?
2026-07-07T03:54:04.690-05:00 DEBUG 17240 --- [backend] [           main] org.hibernate.SQL                        : 
    select
        u1_0.id,
        u1_0.apellidos,
        u1_0.bloqueado_hasta,
        u1_0.correo,
        u1_0.estado,
        u1_0.fecha_registro,
        u1_0.intentos_fallidos,
        u1_0.nivel_suscripcion_id,
        u1_0.nombres,
        u1_0.password_hash,
        u1_0.password_reset_token,
        u1_0.password_reset_token_expira,
        u1_0.rol_id,
        u1_0.telefono 
    from
        usuarios u1_0 
    where
        u1_0.correo=?
Hibernate: 
    select
        u1_0.id,
        u1_0.apellidos,
        u1_0.bloqueado_hasta,
        u1_0.correo,
        u1_0.estado,
        u1_0.fecha_registro,
        u1_0.intentos_fallidos,
        u1_0.nivel_suscripcion_id,
        u1_0.nombres,
        u1_0.password_hash,
        u1_0.password_reset_token,
        u1_0.password_reset_token_expira,
        u1_0.rol_id,
        u1_0.telefono 
    from
        usuarios u1_0 
    where
        u1_0.correo=?
2026-07-07T03:54:04.691-05:00 DEBUG 17240 --- [backend] [           main] org.hibernate.SQL                        : 
    select
        r1_0.id,
        r1_0.estado,
        r1_0.fecha_creacion,
        r1_0.nombre 
    from
        roles r1_0 
    where
        r1_0.id=?
Hibernate: 
    select
        r1_0.id,
        r1_0.estado,
        r1_0.fecha_creacion,
        r1_0.nombre 
    from
        roles r1_0 
    where
        r1_0.id=?
2026-07-07T03:54:04.696-05:00 DEBUG 17240 --- [backend] [           main] org.hibernate.SQL                        : 
    select
        u1_0.id,
        u1_0.apellidos,
        u1_0.bloqueado_hasta,
        u1_0.correo,
        u1_0.estado,
        u1_0.fecha_registro,
        u1_0.intentos_fallidos,
        u1_0.nivel_suscripcion_id,
        u1_0.nombres,
        u1_0.password_hash,
        u1_0.password_reset_token,
        u1_0.password_reset_token_expira,
        u1_0.rol_id,
        r1_0.id,
        r1_0.estado,
        r1_0.fecha_creacion,
        r1_0.nombre,
        u1_0.telefono 
    from
        usuarios u1_0 
    join
        roles r1_0 
            on r1_0.id=u1_0.rol_id 
    where
        u1_0.id=?
Hibernate: 
    select
        u1_0.id,
        u1_0.apellidos,
        u1_0.bloqueado_hasta,
        u1_0.correo,
        u1_0.estado,
        u1_0.fecha_registro,
        u1_0.intentos_fallidos,
        u1_0.nivel_suscripcion_id,
        u1_0.nombres,
        u1_0.password_hash,
        u1_0.password_reset_token,
        u1_0.password_reset_token_expira,
        u1_0.rol_id,
        r1_0.id,
        r1_0.estado,
        r1_0.fecha_creacion,
        r1_0.nombre,
        u1_0.telefono 
    from
        usuarios u1_0 
    join
        roles r1_0 
            on r1_0.id=u1_0.rol_id 
    where
        u1_0.id=?
2026-07-07T03:54:04.698-05:00 DEBUG 17240 --- [backend] [           main] org.hibernate.SQL                        : 
    select
        ns1_0.id,
        ns1_0.descripcion,
        ns1_0.estado,
        ns1_0.fecha_creacion,
        ns1_0.nombre 
    from
        niveles_suscripcion ns1_0 
    where
        ns1_0.id=?
Hibernate: 
    select
        ns1_0.id,
        ns1_0.descripcion,
        ns1_0.estado,
        ns1_0.fecha_creacion,
        ns1_0.nombre 
    from
        niveles_suscripcion ns1_0 
    where
        ns1_0.id=?
2026-07-07T03:54:04.702-05:00 DEBUG 17240 --- [backend] [           main] org.hibernate.SQL                        : 
    select
        u1_0.id,
        u1_0.apellidos,
        u1_0.bloqueado_hasta,
        u1_0.correo,
        u1_0.estado,
        u1_0.fecha_registro,
        u1_0.intentos_fallidos,
        u1_0.nivel_suscripcion_id,
        u1_0.nombres,
        u1_0.password_hash,
        u1_0.password_reset_token,
        u1_0.password_reset_token_expira,
        u1_0.rol_id,
        u1_0.telefono 
    from
        usuarios u1_0 
    where
        u1_0.correo=?
Hibernate: 
    select
        u1_0.id,
        u1_0.apellidos,
        u1_0.bloqueado_hasta,
        u1_0.correo,
        u1_0.estado,
        u1_0.fecha_registro,
        u1_0.intentos_fallidos,
        u1_0.nivel_suscripcion_id,
        u1_0.nombres,
        u1_0.password_hash,
        u1_0.password_reset_token,
        u1_0.password_reset_token_expira,
        u1_0.rol_id,
        u1_0.telefono 
    from
        usuarios u1_0 
    where
        u1_0.correo=?
2026-07-07T03:54:04.703-05:00 DEBUG 17240 --- [backend] [           main] org.hibernate.SQL                        : 
    select
        r1_0.id,
        r1_0.estado,
        r1_0.fecha_creacion,
        r1_0.nombre 
    from
        roles r1_0 
    where
        r1_0.id=?
Hibernate: 
    select
        r1_0.id,
        r1_0.estado,
        r1_0.fecha_creacion,
        r1_0.nombre 
    from
        roles r1_0 
    where
        r1_0.id=?
2026-07-07T03:54:04.714-05:00 DEBUG 17240 --- [backend] [           main] org.hibernate.SQL                        : 
    select
        u1_0.id 
    from
        usuarios u1_0 
    where
        u1_0.correo=? 
    fetch
        first ? rows only
Hibernate: 
    select
        u1_0.id 
    from
        usuarios u1_0 
    where
        u1_0.correo=? 
    fetch
        first ? rows only
2026-07-07T03:54:04.716-05:00 DEBUG 17240 --- [backend] [           main] org.hibernate.SQL                        : 
    select
        r1_0.id,
        r1_0.estado,
        r1_0.fecha_creacion,
        r1_0.nombre 
    from
        roles r1_0 
    where
        r1_0.nombre=?
Hibernate: 
    select
        r1_0.id,
        r1_0.estado,
        r1_0.fecha_creacion,
        r1_0.nombre 
    from
        roles r1_0 
    where
        r1_0.nombre=?
2026-07-07T03:54:04.718-05:00 DEBUG 17240 --- [backend] [           main] org.hibernate.SQL                        : 
    select
        ns1_0.id,
        ns1_0.descripcion,
        ns1_0.estado,
        ns1_0.fecha_creacion,
        ns1_0.nombre 
    from
        niveles_suscripcion ns1_0 
    where
        ns1_0.id=?
Hibernate: 
    select
        ns1_0.id,
        ns1_0.descripcion,
        ns1_0.estado,
        ns1_0.fecha_creacion,
        ns1_0.nombre 
    from
        niveles_suscripcion ns1_0 
    where
        ns1_0.id=?
2026-07-07T03:54:04.780-05:00 DEBUG 17240 --- [backend] [           main] org.hibernate.SQL                        : 
    insert 
    into
        usuarios
        (apellidos, bloqueado_hasta, correo, estado, fecha_registro, intentos_fallidos, nivel_suscripcion_id, nombres, password_hash, password_reset_token, password_reset_token_expira, rol_id, telefono) 
    values
        (?, ?, ?, ?, ?, ?, ?, ?, ?, ?, ?, ?, ?)
Hibernate: 
    insert 
    into
        usuarios
        (apellidos, bloqueado_hasta, correo, estado, fecha_registro, intentos_fallidos, nivel_suscripcion_id, nombres, password_hash, password_reset_token, password_reset_token_expira, rol_id, telefono) 
    values
        (?, ?, ?, ?, ?, ?, ?, ?, ?, ?, ?, ?, ?)
2026-07-07T03:54:04.784-05:00 DEBUG 17240 --- [backend] [           main] org.hibernate.SQL                        : 
    select
        u1_0.id,
        u1_0.apellidos,
        u1_0.bloqueado_hasta,
        u1_0.correo,
        u1_0.estado,
        u1_0.fecha_registro,
        u1_0.intentos_fallidos,
        u1_0.nivel_suscripcion_id,
        u1_0.nombres,
        u1_0.password_hash,
        u1_0.password_reset_token,
        u1_0.password_reset_token_expira,
        u1_0.rol_id,
        u1_0.telefono 
    from
        usuarios u1_0 
    where
        u1_0.correo=?
Hibernate: 
    select
        u1_0.id,
        u1_0.apellidos,
        u1_0.bloqueado_hasta,
        u1_0.correo,
        u1_0.estado,
        u1_0.fecha_registro,
        u1_0.intentos_fallidos,
        u1_0.nivel_suscripcion_id,
        u1_0.nombres,
        u1_0.password_hash,
        u1_0.password_reset_token,
        u1_0.password_reset_token_expira,
        u1_0.rol_id,
        u1_0.telefono 
    from
        usuarios u1_0 
    where
        u1_0.correo=?
2026-07-07T03:54:04.785-05:00 DEBUG 17240 --- [backend] [           main] org.hibernate.SQL                        : 
    select
        r1_0.id,
        r1_0.estado,
        r1_0.fecha_creacion,
        r1_0.nombre 
    from
        roles r1_0 
    where
        r1_0.id=?
Hibernate: 
    select
        r1_0.id,
        r1_0.estado,
        r1_0.fecha_creacion,
        r1_0.nombre 
    from
        roles r1_0 
    where
        r1_0.id=?
2026-07-07T03:54:04.787-05:00 DEBUG 17240 --- [backend] [           main] org.hibernate.SQL                        : 
    insert 
    into
        eventos_sistema
        (accion, descripcion, fecha, modulo, usuario_id) 
    values
        (?, ?, ?, ?, ?)
Hibernate: 
    insert 
    into
        eventos_sistema
        (accion, descripcion, fecha, modulo, usuario_id) 
    values
        (?, ?, ?, ?, ?)
2026-07-07T03:54:04.795-05:00 DEBUG 17240 --- [backend] [           main] org.hibernate.SQL                        : 
    select
        u1_0.id,
        u1_0.apellidos,
        u1_0.bloqueado_hasta,
        u1_0.correo,
        u1_0.estado,
        u1_0.fecha_registro,
        u1_0.intentos_fallidos,
        u1_0.nivel_suscripcion_id,
        u1_0.nombres,
        u1_0.password_hash,
        u1_0.password_reset_token,
        u1_0.password_reset_token_expira,
        u1_0.rol_id,
        u1_0.telefono 
    from
        usuarios u1_0 
    where
        u1_0.correo=?
Hibernate: 
    select
        u1_0.id,
        u1_0.apellidos,
        u1_0.bloqueado_hasta,
        u1_0.correo,
        u1_0.estado,
        u1_0.fecha_registro,
        u1_0.intentos_fallidos,
        u1_0.nivel_suscripcion_id,
        u1_0.nombres,
        u1_0.password_hash,
        u1_0.password_reset_token,
        u1_0.password_reset_token_expira,
        u1_0.rol_id,
        u1_0.telefono 
    from
        usuarios u1_0 
    where
        u1_0.correo=?
2026-07-07T03:54:04.796-05:00 DEBUG 17240 --- [backend] [           main] org.hibernate.SQL                        : 
    select
        r1_0.id,
        r1_0.estado,
        r1_0.fecha_creacion,
        r1_0.nombre 
    from
        roles r1_0 
    where
        r1_0.id=?
Hibernate: 
    select
        r1_0.id,
        r1_0.estado,
        r1_0.fecha_creacion,
        r1_0.nombre 
    from
        roles r1_0 
    where
        r1_0.id=?
2026-07-07T03:54:04.802-05:00 DEBUG 17240 --- [backend] [           main] org.hibernate.SQL                        : 
    select
        u1_0.id,
        u1_0.apellidos,
        u1_0.bloqueado_hasta,
        u1_0.correo,
        u1_0.estado,
        u1_0.fecha_registro,
        u1_0.intentos_fallidos,
        u1_0.nivel_suscripcion_id,
        u1_0.nombres,
        u1_0.password_hash,
        u1_0.password_reset_token,
        u1_0.password_reset_token_expira,
        u1_0.rol_id,
        r1_0.id,
        r1_0.estado,
        r1_0.fecha_creacion,
        r1_0.nombre,
        u1_0.telefono 
    from
        usuarios u1_0 
    join
        roles r1_0 
            on r1_0.id=u1_0.rol_id 
    where
        u1_0.id=?
Hibernate: 
    select
        u1_0.id,
        u1_0.apellidos,
        u1_0.bloqueado_hasta,
        u1_0.correo,
        u1_0.estado,
        u1_0.fecha_registro,
        u1_0.intentos_fallidos,
        u1_0.nivel_suscripcion_id,
        u1_0.nombres,
        u1_0.password_hash,
        u1_0.password_reset_token,
        u1_0.password_reset_token_expira,
        u1_0.rol_id,
        r1_0.id,
        r1_0.estado,
        r1_0.fecha_creacion,
        r1_0.nombre,
        u1_0.telefono 
    from
        usuarios u1_0 
    join
        roles r1_0 
            on r1_0.id=u1_0.rol_id 
    where
        u1_0.id=?
2026-07-07T03:54:04.804-05:00 DEBUG 17240 --- [backend] [           main] org.hibernate.SQL                        : 
    select
        ns1_0.id,
        ns1_0.descripcion,
        ns1_0.estado,
        ns1_0.fecha_creacion,
        ns1_0.nombre 
    from
        niveles_suscripcion ns1_0 
    where
        ns1_0.id=?
Hibernate: 
    select
        ns1_0.id,
        ns1_0.descripcion,
        ns1_0.estado,
        ns1_0.fecha_creacion,
        ns1_0.nombre 
    from
        niveles_suscripcion ns1_0 
    where
        ns1_0.id=?
2026-07-07T03:54:04.805-05:00 DEBUG 17240 --- [backend] [           main] org.hibernate.SQL                        : 
    update
        usuarios 
    set
        apellidos=?,
        bloqueado_hasta=?,
        correo=?,
        estado=?,
        intentos_fallidos=?,
        nivel_suscripcion_id=?,
        nombres=?,
        password_hash=?,
        password_reset_token=?,
        password_reset_token_expira=?,
        rol_id=?,
        telefono=? 
    where
        id=?
Hibernate: 
    update
        usuarios 
    set
        apellidos=?,
        bloqueado_hasta=?,
        correo=?,
        estado=?,
        intentos_fallidos=?,
        nivel_suscripcion_id=?,
        nombres=?,
        password_hash=?,
        password_reset_token=?,
        password_reset_token_expira=?,
        rol_id=?,
        telefono=? 
    where
        id=?
2026-07-07T03:54:04.808-05:00 DEBUG 17240 --- [backend] [           main] org.hibernate.SQL                        : 
    select
        u1_0.id,
        u1_0.apellidos,
        u1_0.bloqueado_hasta,
        u1_0.correo,
        u1_0.estado,
        u1_0.fecha_registro,
        u1_0.intentos_fallidos,
        u1_0.nivel_suscripcion_id,
        u1_0.nombres,
        u1_0.password_hash,
        u1_0.password_reset_token,
        u1_0.password_reset_token_expira,
        u1_0.rol_id,
        u1_0.telefono 
    from
        usuarios u1_0 
    where
        u1_0.correo=?
Hibernate: 
    select
        u1_0.id,
        u1_0.apellidos,
        u1_0.bloqueado_hasta,
        u1_0.correo,
        u1_0.estado,
        u1_0.fecha_registro,
        u1_0.intentos_fallidos,
        u1_0.nivel_suscripcion_id,
        u1_0.nombres,
        u1_0.password_hash,
        u1_0.password_reset_token,
        u1_0.password_reset_token_expira,
        u1_0.rol_id,
        u1_0.telefono 
    from
        usuarios u1_0 
    where
        u1_0.correo=?
2026-07-07T03:54:04.808-05:00 DEBUG 17240 --- [backend] [           main] org.hibernate.SQL                        : 
    select
        r1_0.id,
        r1_0.estado,
        r1_0.fecha_creacion,
        r1_0.nombre 
    from
        roles r1_0 
    where
        r1_0.id=?
Hibernate: 
    select
        r1_0.id,
        r1_0.estado,
        r1_0.fecha_creacion,
        r1_0.nombre 
    from
        roles r1_0 
    where
        r1_0.id=?
2026-07-07T03:54:04.809-05:00 DEBUG 17240 --- [backend] [           main] org.hibernate.SQL                        : 
    insert 
    into
        eventos_sistema
        (accion, descripcion, fecha, modulo, usuario_id) 
    values
        (?, ?, ?, ?, ?)
Hibernate: 
    insert 
    into
        eventos_sistema
        (accion, descripcion, fecha, modulo, usuario_id) 
    values
        (?, ?, ?, ?, ?)
2026-07-07T03:54:04.815-05:00 DEBUG 17240 --- [backend] [           main] org.hibernate.SQL                        : 
    select
        u1_0.id,
        u1_0.apellidos,
        u1_0.bloqueado_hasta,
        u1_0.correo,
        u1_0.estado,
        u1_0.fecha_registro,
        u1_0.intentos_fallidos,
        u1_0.nivel_suscripcion_id,
        u1_0.nombres,
        u1_0.password_hash,
        u1_0.password_reset_token,
        u1_0.password_reset_token_expira,
        u1_0.rol_id,
        u1_0.telefono 
    from
        usuarios u1_0 
    where
        u1_0.correo=?
Hibernate: 
    select
        u1_0.id,
        u1_0.apellidos,
        u1_0.bloqueado_hasta,
        u1_0.correo,
        u1_0.estado,
        u1_0.fecha_registro,
        u1_0.intentos_fallidos,
        u1_0.nivel_suscripcion_id,
        u1_0.nombres,
        u1_0.password_hash,
        u1_0.password_reset_token,
        u1_0.password_reset_token_expira,
        u1_0.rol_id,
        u1_0.telefono 
    from
        usuarios u1_0 
    where
        u1_0.correo=?
2026-07-07T03:54:04.816-05:00 DEBUG 17240 --- [backend] [           main] org.hibernate.SQL                        : 
    select
        r1_0.id,
        r1_0.estado,
        r1_0.fecha_creacion,
        r1_0.nombre 
    from
        roles r1_0 
    where
        r1_0.id=?
Hibernate: 
    select
        r1_0.id,
        r1_0.estado,
        r1_0.fecha_creacion,
        r1_0.nombre 
    from
        roles r1_0 
    where
        r1_0.id=?
2026-07-07T03:54:04.821-05:00 DEBUG 17240 --- [backend] [           main] org.hibernate.SQL                        : 
    select
        u1_0.id,
        u1_0.apellidos,
        u1_0.bloqueado_hasta,
        u1_0.correo,
        u1_0.estado,
        u1_0.fecha_registro,
        u1_0.intentos_fallidos,
        u1_0.nivel_suscripcion_id,
        u1_0.nombres,
        u1_0.password_hash,
        u1_0.password_reset_token,
        u1_0.password_reset_token_expira,
        u1_0.rol_id,
        r1_0.id,
        r1_0.estado,
        r1_0.fecha_creacion,
        r1_0.nombre,
        u1_0.telefono 
    from
        usuarios u1_0 
    join
        roles r1_0 
            on r1_0.id=u1_0.rol_id 
    where
        u1_0.id=?
Hibernate: 
    select
        u1_0.id,
        u1_0.apellidos,
        u1_0.bloqueado_hasta,
        u1_0.correo,
        u1_0.estado,
        u1_0.fecha_registro,
        u1_0.intentos_fallidos,
        u1_0.nivel_suscripcion_id,
        u1_0.nombres,
        u1_0.password_hash,
        u1_0.password_reset_token,
        u1_0.password_reset_token_expira,
        u1_0.rol_id,
        r1_0.id,
        r1_0.estado,
        r1_0.fecha_creacion,
        r1_0.nombre,
        u1_0.telefono 
    from
        usuarios u1_0 
    join
        roles r1_0 
            on r1_0.id=u1_0.rol_id 
    where
        u1_0.id=?
2026-07-07T03:54:04.825-05:00 DEBUG 17240 --- [backend] [           main] org.hibernate.SQL                        : 
    select
        u1_0.id,
        u1_0.apellidos,
        u1_0.bloqueado_hasta,
        u1_0.correo,
        u1_0.estado,
        u1_0.fecha_registro,
        u1_0.intentos_fallidos,
        u1_0.nivel_suscripcion_id,
        u1_0.nombres,
        u1_0.password_hash,
        u1_0.password_reset_token,
        u1_0.password_reset_token_expira,
        u1_0.rol_id,
        u1_0.telefono 
    from
        usuarios u1_0 
    where
        u1_0.correo=?
Hibernate: 
    select
        u1_0.id,
        u1_0.apellidos,
        u1_0.bloqueado_hasta,
        u1_0.correo,
        u1_0.estado,
        u1_0.fecha_registro,
        u1_0.intentos_fallidos,
        u1_0.nivel_suscripcion_id,
        u1_0.nombres,
        u1_0.password_hash,
        u1_0.password_reset_token,
        u1_0.password_reset_token_expira,
        u1_0.rol_id,
        u1_0.telefono 
    from
        usuarios u1_0 
    where
        u1_0.correo=?
2026-07-07T03:54:04.826-05:00 DEBUG 17240 --- [backend] [           main] org.hibernate.SQL                        : 
    select
        r1_0.id,
        r1_0.estado,
        r1_0.fecha_creacion,
        r1_0.nombre 
    from
        roles r1_0 
    where
        r1_0.id=?
Hibernate: 
    select
        r1_0.id,
        r1_0.estado,
        r1_0.fecha_creacion,
        r1_0.nombre 
    from
        roles r1_0 
    where
        r1_0.id=?
2026-07-07T03:54:04.827-05:00 DEBUG 17240 --- [backend] [           main] org.hibernate.SQL                        : 
    insert 
    into
        eventos_sistema
        (accion, descripcion, fecha, modulo, usuario_id) 
    values
        (?, ?, ?, ?, ?)
Hibernate: 
    insert 
    into
        eventos_sistema
        (accion, descripcion, fecha, modulo, usuario_id) 
    values
        (?, ?, ?, ?, ?)
2026-07-07T03:54:04.857-05:00 DEBUG 17240 --- [backend] [           main] org.hibernate.SQL                        : 
    select
        u1_0.id,
        u1_0.apellidos,
        u1_0.bloqueado_hasta,
        u1_0.correo,
        u1_0.estado,
        u1_0.fecha_registro,
        u1_0.intentos_fallidos,
        u1_0.nivel_suscripcion_id,
        u1_0.nombres,
        u1_0.password_hash,
        u1_0.password_reset_token,
        u1_0.password_reset_token_expira,
        u1_0.rol_id,
        u1_0.telefono 
    from
        usuarios u1_0 
    where
        u1_0.correo=?
Hibernate: 
    select
        u1_0.id,
        u1_0.apellidos,
        u1_0.bloqueado_hasta,
        u1_0.correo,
        u1_0.estado,
        u1_0.fecha_registro,
        u1_0.intentos_fallidos,
        u1_0.nivel_suscripcion_id,
        u1_0.nombres,
        u1_0.password_hash,
        u1_0.password_reset_token,
        u1_0.password_reset_token_expira,
        u1_0.rol_id,
        u1_0.telefono 
    from
        usuarios u1_0 
    where
        u1_0.correo=?
2026-07-07T03:54:04.858-05:00 DEBUG 17240 --- [backend] [           main] org.hibernate.SQL                        : 
    select
        r1_0.id,
        r1_0.estado,
        r1_0.fecha_creacion,
        r1_0.nombre 
    from
        roles r1_0 
    where
        r1_0.id=?
Hibernate: 
    select
        r1_0.id,
        r1_0.estado,
        r1_0.fecha_creacion,
        r1_0.nombre 
    from
        roles r1_0 
    where
        r1_0.id=?
2026-07-07T03:54:04.866-05:00 DEBUG 17240 --- [backend] [           main] org.hibernate.SQL                        : 
    select
        c1_0.id,
        c1_0.descripcion,
        c1_0.docente_id,
        c1_0.estado,
        c1_0.fecha_creacion,
        c1_0.imagen_portada,
        c1_0.nombre 
    from
        cursos c1_0 
    offset
        ? rows 
    fetch
        first ? rows only
Hibernate: 
    select
        c1_0.id,
        c1_0.descripcion,
        c1_0.docente_id,
        c1_0.estado,
        c1_0.fecha_creacion,
        c1_0.imagen_portada,
        c1_0.nombre 
    from
        cursos c1_0 
    offset
        ? rows 
    fetch
        first ? rows only
2026-07-07T03:54:04.870-05:00 DEBUG 17240 --- [backend] [           main] org.hibernate.SQL                        : 
    select
        ns1_0.curso_id,
        ns1_1.id,
        ns1_1.descripcion,
        ns1_1.estado,
        ns1_1.fecha_creacion,
        ns1_1.nombre 
    from
        curso_niveles_suscripcion ns1_0 
    join
        niveles_suscripcion ns1_1 
            on ns1_1.id=ns1_0.nivel_suscripcion_id 
    where
        ns1_0.curso_id=?
Hibernate: 
    select
        ns1_0.curso_id,
        ns1_1.id,
        ns1_1.descripcion,
        ns1_1.estado,
        ns1_1.fecha_creacion,
        ns1_1.nombre 
    from
        curso_niveles_suscripcion ns1_0 
    join
        niveles_suscripcion ns1_1 
            on ns1_1.id=ns1_0.nivel_suscripcion_id 
    where
        ns1_0.curso_id=?
[...]
2026-07-07T03:54:06.293-05:00 DEBUG 17240 --- [backend] [           main] org.hibernate.SQL                        : 
    select
        u1_0.id,
        u1_0.apellidos,
        u1_0.bloqueado_hasta,
        u1_0.correo,
        u1_0.estado,
        u1_0.fecha_registro,
        u1_0.intentos_fallidos,
        u1_0.nivel_suscripcion_id,
        u1_0.nombres,
        u1_0.password_hash,
        u1_0.password_reset_token,
        u1_0.password_reset_token_expira,
        u1_0.rol_id,
        u1_0.telefono 
    from
        usuarios u1_0 
    where
        u1_0.correo=?
Hibernate: 
    select
        u1_0.id,
        u1_0.apellidos,
        u1_0.bloqueado_hasta,
        u1_0.correo,
        u1_0.estado,
        u1_0.fecha_registro,
        u1_0.intentos_fallidos,
        u1_0.nivel_suscripcion_id,
        u1_0.nombres,
        u1_0.password_hash,
        u1_0.password_reset_token,
        u1_0.password_reset_token_expira,
        u1_0.rol_id,
        u1_0.telefono 
    from
        usuarios u1_0 
    where
        u1_0.correo=?
2026-07-07T03:54:06.293-05:00 DEBUG 17240 --- [backend] [           main] org.hibernate.SQL                        : 
    select
        r1_0.id,
        r1_0.estado,
        r1_0.fecha_creacion,
        r1_0.nombre 
    from
        roles r1_0 
    where
        r1_0.id=?
Hibernate: 
    select
        r1_0.id,
        r1_0.estado,
        r1_0.fecha_creacion,
        r1_0.nombre 
    from
        roles r1_0 
    where
        r1_0.id=?
2026-07-07T03:54:06.296-05:00 DEBUG 17240 --- [backend] [           main] org.hibernate.SQL                        : 
    select
        ci1_0.id,
        ci1_0.color_principal,
        ci1_0.color_secundario,
        ci1_0.correo,
        ci1_0.direccion,
        ci1_0.logo_url,
        ci1_0.nombre_institucion,
        ci1_0.paypal_url,
        ci1_0.qr_plin,
        ci1_0.qr_yape,
        ci1_0.telefono 
    from
        configuracion_institucion ci1_0
Hibernate: 
    select
        ci1_0.id,
        ci1_0.color_principal,
        ci1_0.color_secundario,
        ci1_0.correo,
        ci1_0.direccion,
        ci1_0.logo_url,
        ci1_0.nombre_institucion,
        ci1_0.paypal_url,
        ci1_0.qr_plin,
        ci1_0.qr_yape,
        ci1_0.telefono 
    from
        configuracion_institucion ci1_0
2026-07-07T03:54:06.304-05:00 DEBUG 17240 --- [backend] [           main] org.hibernate.SQL                        : 
    select
        u1_0.id,
        u1_0.apellidos,
        u1_0.bloqueado_hasta,
        u1_0.correo,
        u1_0.estado,
        u1_0.fecha_registro,
        u1_0.intentos_fallidos,
        u1_0.nivel_suscripcion_id,
        u1_0.nombres,
        u1_0.password_hash,
        u1_0.password_reset_token,
        u1_0.password_reset_token_expira,
        u1_0.rol_id,
        u1_0.telefono 
    from
        usuarios u1_0 
    where
        u1_0.correo=?
Hibernate: 
    select
        u1_0.id,
        u1_0.apellidos,
        u1_0.bloqueado_hasta,
        u1_0.correo,
        u1_0.estado,
        u1_0.fecha_registro,
        u1_0.intentos_fallidos,
        u1_0.nivel_suscripcion_id,
        u1_0.nombres,
        u1_0.password_hash,
        u1_0.password_reset_token,
        u1_0.password_reset_token_expira,
        u1_0.rol_id,
        u1_0.telefono 
    from
        usuarios u1_0 
    where
        u1_0.correo=?
2026-07-07T03:54:06.304-05:00 DEBUG 17240 --- [backend] [           main] org.hibernate.SQL                        : 
    select
        r1_0.id,
        r1_0.estado,
        r1_0.fecha_creacion,
        r1_0.nombre 
    from
        roles r1_0 
    where
        r1_0.id=?
Hibernate: 
    select
        r1_0.id,
        r1_0.estado,
        r1_0.fecha_creacion,
        r1_0.nombre 
    from
        roles r1_0 
    where
        r1_0.id=?
2026-07-07T03:54:06.311-05:00 DEBUG 17240 --- [backend] [           main] org.hibernate.SQL                        : 
    select
        ci1_0.id,
        ci1_0.color_principal,
        ci1_0.color_secundario,
        ci1_0.correo,
        ci1_0.direccion,
        ci1_0.logo_url,
        ci1_0.nombre_institucion,
        ci1_0.paypal_url,
        ci1_0.qr_plin,
        ci1_0.qr_yape,
        ci1_0.telefono 
    from
        configuracion_institucion ci1_0
Hibernate: 
    select
        ci1_0.id,
        ci1_0.color_principal,
        ci1_0.color_secundario,
        ci1_0.correo,
        ci1_0.direccion,
        ci1_0.logo_url,
        ci1_0.nombre_institucion,
        ci1_0.paypal_url,
        ci1_0.qr_plin,
        ci1_0.qr_yape,
        ci1_0.telefono 
    from
        configuracion_institucion ci1_0
2026-07-07T03:54:06.314-05:00 DEBUG 17240 --- [backend] [           main] org.hibernate.SQL                        : 
    update
        configuracion_institucion 
    set
        color_principal=?,
        color_secundario=?,
        correo=?,
        direccion=?,
        logo_url=?,
        nombre_institucion=?,
        paypal_url=?,
        qr_plin=?,
        qr_yape=?,
        telefono=? 
    where
        id=?
Hibernate: 
    update
        configuracion_institucion 
    set
        color_principal=?,
        color_secundario=?,
        correo=?,
        direccion=?,
        logo_url=?,
        nombre_institucion=?,
        paypal_url=?,
        qr_plin=?,
        qr_yape=?,
        telefono=? 
    where
        id=?
2026-07-07T03:54:06.325-05:00 DEBUG 17240 --- [backend] [           main] org.hibernate.SQL                        : 
    select
        u1_0.id,
        u1_0.apellidos,
        u1_0.bloqueado_hasta,
        u1_0.correo,
        u1_0.estado,
        u1_0.fecha_registro,
        u1_0.intentos_fallidos,
        u1_0.nivel_suscripcion_id,
        u1_0.nombres,
        u1_0.password_hash,
        u1_0.password_reset_token,
        u1_0.password_reset_token_expira,
        u1_0.rol_id,
        u1_0.telefono 
    from
        usuarios u1_0 
    where
        u1_0.correo=?
Hibernate: 
    select
        u1_0.id,
        u1_0.apellidos,
        u1_0.bloqueado_hasta,
        u1_0.correo,
        u1_0.estado,
        u1_0.fecha_registro,
        u1_0.intentos_fallidos,
        u1_0.nivel_suscripcion_id,
        u1_0.nombres,
        u1_0.password_hash,
        u1_0.password_reset_token,
        u1_0.password_reset_token_expira,
        u1_0.rol_id,
        u1_0.telefono 
    from
        usuarios u1_0 
    where
        u1_0.correo=?
2026-07-07T03:54:06.326-05:00 DEBUG 17240 --- [backend] [           main] org.hibernate.SQL                        : 
    select
        r1_0.id,
        r1_0.estado,
        r1_0.fecha_creacion,
        r1_0.nombre 
    from
        roles r1_0 
    where
        r1_0.id=?
Hibernate: 
    select
        r1_0.id,
        r1_0.estado,
        r1_0.fecha_creacion,
        r1_0.nombre 
    from
        roles r1_0 
    where
        r1_0.id=?
2026-07-07T03:54:06.327-05:00 DEBUG 17240 --- [backend] [           main] org.hibernate.SQL                        : 
    insert 
    into
        eventos_sistema
        (accion, descripcion, fecha, modulo, usuario_id) 
    values
        (?, ?, ?, ?, ?)
Hibernate: 
    insert 
    into
        eventos_sistema
        (accion, descripcion, fecha, modulo, usuario_id) 
    values
        (?, ?, ?, ?, ?)
2026-07-07T03:54:06.332-05:00 DEBUG 17240 --- [backend] [           main] org.hibernate.SQL                        : 
    select
        u1_0.id,
        u1_0.apellidos,
        u1_0.bloqueado_hasta,
        u1_0.correo,
        u1_0.estado,
        u1_0.fecha_registro,
        u1_0.intentos_fallidos,
        u1_0.nivel_suscripcion_id,
        u1_0.nombres,
        u1_0.password_hash,
        u1_0.password_reset_token,
        u1_0.password_reset_token_expira,
        u1_0.rol_id,
        u1_0.telefono 
    from
        usuarios u1_0 
    where
        u1_0.correo=?
Hibernate: 
    select
        u1_0.id,
        u1_0.apellidos,
        u1_0.bloqueado_hasta,
        u1_0.correo,
        u1_0.estado,
        u1_0.fecha_registro,
        u1_0.intentos_fallidos,
        u1_0.nivel_suscripcion_id,
        u1_0.nombres,
        u1_0.password_hash,
        u1_0.password_reset_token,
        u1_0.password_reset_token_expira,
        u1_0.rol_id,
        u1_0.telefono 
    from
        usuarios u1_0 
    where
        u1_0.correo=?
2026-07-07T03:54:06.332-05:00 DEBUG 17240 --- [backend] [           main] org.hibernate.SQL                        : 
    select
        r1_0.id,
        r1_0.estado,
        r1_0.fecha_creacion,
        r1_0.nombre 
    from
        roles r1_0 
    where
        r1_0.id=?
Hibernate: 
    select
        r1_0.id,
        r1_0.estado,
        r1_0.fecha_creacion,
        r1_0.nombre 
    from
        roles r1_0 
    where
        r1_0.id=?
2026-07-07T03:54:06.954-05:00 DEBUG 17240 --- [backend] [           main] org.hibernate.SQL                        : 
    select
        u1_0.id,
        u1_0.apellidos,
        u1_0.bloqueado_hasta,
        u1_0.correo,
        u1_0.estado,
        u1_0.fecha_registro,
        u1_0.intentos_fallidos,
        u1_0.nivel_suscripcion_id,
        u1_0.nombres,
        u1_0.password_hash,
        u1_0.password_reset_token,
        u1_0.password_reset_token_expira,
        u1_0.rol_id,
        u1_0.telefono 
    from
        usuarios u1_0 
    where
        u1_0.correo=?
Hibernate: 
    select
        u1_0.id,
        u1_0.apellidos,
        u1_0.bloqueado_hasta,
        u1_0.correo,
        u1_0.estado,
        u1_0.fecha_registro,
        u1_0.intentos_fallidos,
        u1_0.nivel_suscripcion_id,
        u1_0.nombres,
        u1_0.password_hash,
        u1_0.password_reset_token,
        u1_0.password_reset_token_expira,
        u1_0.rol_id,
        u1_0.telefono 
    from
        usuarios u1_0 
    where
        u1_0.correo=?
2026-07-07T03:54:06.955-05:00 DEBUG 17240 --- [backend] [           main] org.hibernate.SQL                        : 
    select
        r1_0.id,
        r1_0.estado,
        r1_0.fecha_creacion,
        r1_0.nombre 
    from
        roles r1_0 
    where
        r1_0.id=?
Hibernate: 
    select
        r1_0.id,
        r1_0.estado,
        r1_0.fecha_creacion,
        r1_0.nombre 
    from
        roles r1_0 
    where
        r1_0.id=?
Zip of files created successfully: C:\Users\Alessander\Desktop\TRABAJOS\ACTUALES\Insteip\backend\uploads\backups\files_backup_20260707_035406.zip


====================================================================================================
                                RESUMEN DE PRUEBAS DE INTEGRACIÓN INSTEIP                             
====================================================================================================
 TOTAL PRUEBAS EJECUTADAS: 60 | exitosas: 60 | fallidas: 0
----------------------------------------------------------------------------------------------------
ID  | Módulo               | Descripción                                   | Método | Endpoint                         | Status   | Resultado
----------------------------------------------------------------------------------------------------
001 | AUTENTICACIÓN        | Login incorrecto por credenciales inválidas   | POST   | /api/auth/login                  | 400      | PASSED
002 | AUTENTICACIÓN        | Login correcto del Administrador              | POST   | /api/auth/login                  | 200      | PASSED
003 | AUTENTICACIÓN        | Login correcto del Alumno                     | POST   | /api/auth/login                  | 200      | PASSED
004 | AUTENTICACIÓN        | Obtener perfil propio (Admin)                 | GET    | /api/auth/me                     | 200      | PASSED
005 | AUTENTICACIÓN        | Obtener perfil propio (Alumno)                | GET    | /api/auth/me                     | 200      | PASSED
006 | AUTENTICACIÓN        | Obtener perfil sin token (Bloqueado)          | GET    | /api/auth/me                     | 403      | PASSED
007 | AUTENTICACIÓN        | Solicitud de recuperación de contraseña       | POST   | /api/auth/forgot-password        | 200      | PASSED
008 | AUTENTICACIÓN        | Restablecer contraseña con token inválido     | POST   | /api/auth/reset-password         | 400      | PASSED
009 | AUTENTICACIÓN        | Renovación de token de sesión (Refresh)       | POST   | /api/auth/refresh                | 200      | PASSED
010 | AUTENTICACIÓN        | Cierre de sesión seguro (Logout)              | POST   | /api/auth/logout                 | 204      | PASSED
011 | USUARIOS             | Listar alumnos con paginación backend         | GET    | /api/usuarios                    | 200      | PASSED
012 | USUARIOS             | Buscar alumnos en backend                     | GET    | /api/usuarios?search=Juan        | 200      | PASSED
013 | USUARIOS             | Obtener detalle de alumno por ID              | GET    | /api/usuarios/2                  | 200      | PASSED
014 | USUARIOS             | Crear un nuevo alumno                         | POST   | /api/usuarios                    | 201      | PASSED
015 | USUARIOS             | Editar alumno existente                       | PUT    | /api/usuarios/2                  | 200      | PASSED
016 | USUARIOS             | Modificar estado (Borrado lógico) de alumno   | PATCH  | /api/usuarios/2/estado           | 204      | PASSED
017 | CURSOS               | Listar cursos con paginación backend          | GET    | /api/cursos                      | 200      | PASSED
018 | CURSOS               | Buscar cursos en backend                      | GET    | /api/cursos?search=Excel         | 200      | PASSED
019 | CURSOS               | Obtener detalle del curso por ID              | GET    | /api/cursos/1                    | 200      | PASSED
020 | CURSOS               | Listar módulos asociados a un curso           | GET    | /api/cursos/1/modulos            | 200      | PASSED
021 | CURSOS               | Crear un nuevo curso                          | POST   | /api/cursos                      | 201      | PASSED
022 | CURSOS               | Editar curso existente                        | PUT    | /api/cursos/1                    | 200      | PASSED
023 | CURSOS               | Modificar estado (Borrado lógico) de curso    | PATCH  | /api/cursos/1/estado             | 204      | PASSED
024 | MÓDULOS              | Obtener detalle del módulo por ID             | GET    | /api/modulos/1                   | 200      | PASSED
025 | MÓDULOS              | Listar videos de un módulo específico         | GET    | /api/modulos/1/videos            | 200      | PASSED
026 | MÓDULOS              | Listar materiales didácticos de un módulo     | GET    | /api/modulos/1/materiales        | 200      | PASSED
027 | MÓDULOS              | Crear un nuevo módulo en un curso             | POST   | /api/modulos                     | 201      | PASSED
028 | MÓDULOS              | Editar módulo existente                       | PUT    | /api/modulos/1                   | 200      | PASSED
029 | MÓDULOS              | Modificar estado (Borrado lógico) de módulo   | PATCH  | /api/modulos/1/estado            | 204      | PASSED
030 | VIDEOS               | Listar videos con paginación backend          | GET    | /api/videos                      | 200      | PASSED
031 | VIDEOS               | Crear un nuevo video en un módulo             | POST   | /api/videos                      | 201      | PASSED
032 | VIDEOS               | Editar video existente                        | PUT    | /api/videos/1                    | 200      | PASSED
033 | VIDEOS               | Modificar estado (Borrado lógico) de video    | PATCH  | /api/videos/1/estado             | 204      | PASSED
034 | MATERIALES           | Subir un material (Multipart Form-Data)       | POST   | /api/materiales                  | 201      | PASSED
035 | MATERIALES           | Editar material existente (Multipart)         | PUT    | /api/materiales/1                | 200      | PASSED
036 | MATERIALES           | Modificar estado (Borrado lógico) de material | PATCH  | /api/materiales/1/estado         | 204      | PASSED
037 | MATERIALES           | Descargar archivo binario de un material      | GET    | /api/materiales/1/download       | 200      | PASSED
038 | MATRÍCULAS           | Matricular un alumno en un curso              | POST   | /api/matriculas                  | 201      | PASSED
039 | MATRÍCULAS           | Listar matriculados en un curso               | GET    | /api/matriculas/curso/1          | 200      | PASSED
040 | MATRÍCULAS           | Modificar estado (Borrado lógico) de matrícul | PATCH  | /api/matriculas/1/estado         | 204      | PASSED
041 | AVANCE REPRODUCCIÓN  | Guardar progreso de reproducción de video     | POST   | /api/avance                      | 200      | PASSED
042 | AVANCE REPRODUCCIÓN  | Obtener progreso de reproducción de un video  | GET    | /api/avance/video/1              | 200      | PASSED
043 | CERTIFICADOS         | Listar certificados emitidos (con búsqueda)   | GET    | /api/certificados                | 200      | PASSED
044 | CERTIFICADOS         | Generar automáticamente un certificado al cul | POST   | /api/certificados/generar/1      | 400      | PASSED
045 | CERTIFICADOS         | Validar certificado públicamente por su códig | GET    | /api/certificados/validar/INS-20 | 200      | PASSED
046 | CERTIFICADOS         | Descargar certificado digital en PDF          | GET    | /api/certificados/1/download     | 404      | PASSED
047 | REPORTES             | Exportar listado de alumnos a archivo CSV     | GET    | /api/reportes/alumnos            | 200      | PASSED
048 | REPORTES             | Exportar listado de matriculados a archivo CS | GET    | /api/reportes/matriculas         | 200      | PASSED
049 | REPORTES             | Exportar listado de cursos a archivo CSV      | GET    | /api/reportes/cursos             | 200      | PASSED
050 | REPORTES             | Exportar listado de certificados a archivo CS | GET    | /api/reportes/certificados       | 200      | PASSED
051 | DASHBOARD ALUMNO     | Obtener métricas y progreso general del alumn | GET    | /api/alumno/dashboard            | 200      | PASSED
052 | DASHBOARD ALUMNO     | Obtener listado de cursos matriculados del al | GET    | /api/alumno/cursos               | 200      | PASSED
053 | DASHBOARD ALUMNO     | Obtener certificados emitidos del alumno      | GET    | /api/alumno/certificados         | 200      | PASSED
054 | DASHBOARD ALUMNO     | Obtener estructura de curso y avances para re | GET    | /api/alumno/cursos/1/play        | 200      | PASSED
055 | CONFIGURACIÓN        | Obtener configuraciones globales de la instit | GET    | /api/configuracion               | 200      | PASSED
056 | CONFIGURACIÓN        | Actualizar configuraciones globales de la ins | PUT    | /api/configuracion               | 200      | PASSED
057 | SISTEMA Y MONITOREO  | Obtener estado actual de recursos y bases de  | GET    | /api/sistema/status              | 200      | PASSED
058 | SISTEMA Y MONITOREO  | Ejecutar y disparar manualmente copia de segu | POST   | /api/sistema/backup              | 200      | PASSED
059 | SISTEMA Y MONITOREO  | Verificar endpoint de salud Spring Boot Actua | GET    | /actuator/health                 | 200      | PASSED
060 | SISTEMA Y MONITOREO  | Verificar endpoint de métricas Spring Boot Ac | GET    | /actuator/metrics                | 200      | PASSED
====================================================================================================
[INFO] Escribiendo reporte final en: C:\Users\Alessander\Desktop\TRABAJOS\ACTUALES\Insteip\backend/../test_results.md
>>> SUPER TEST DE INTEGRACIÓN MASIVA FINALIZADO CON ÉXITO <<<
======================================================================
]]></system-out>
    <system-err><![CDATA[pg_dump execution failed or command not found in environment: Cannot run program "pg_dump": CreateProcess error=2, El sistema no puede encontrar el archivo especificado
]]></system-err>
  </testcase>
</testsuite>